Log file open, 11/09/22 16:57:39
LogWindows: Failed to load 'aqProf.dll' (GetLastError=126)
LogWindows: File 'aqProf.dll' does not exist
LogWindows: Failed to load 'VtuneApi.dll' (GetLastError=126)
LogWindows: File 'VtuneApi.dll' does not exist
LogWindows: Failed to load 'VtuneApi32e.dll' (GetLastError=126)
LogWindows: File 'VtuneApi32e.dll' does not exist
LogConsoleResponse: Display: Failed to find resolution value strings in scalability ini. Falling back to default.
LogConsoleResponse: Display: Failed to find resolution value strings in scalability ini. Falling back to default.
LogInit: Display: Running engine for game: bowling
LogPlatformFile: Not using cached read wrapper
LogTaskGraph: Started task graph with 5 named threads and 14 total threads with 3 sets of task threads.
LogStats: Stats thread started at 0.347695
LogICUInternationalization: ICU TimeZone Detection - Raw Offset: +3:00, Platform Override: ''
LogInit: Display: Loading text-based GConfig....
LogPluginManager: Mounting plugin MeshPainting
LogPluginManager: Mounting plugin XGEController
LogPluginManager: Mounting plugin Paper2D
LogPluginManager: Mounting plugin LiveLink
LogPluginManager: Mounting plugin AISupport
LogPluginManager: Mounting plugin EnvironmentQueryEditor
LogPluginManager: Mounting plugin LightPropagationVolume
LogPluginManager: Mounting plugin GameplayCameras
LogPluginManager: Mounting plugin CameraShakePreviewer
LogPluginManager: Mounting plugin OodleNetwork
LogPluginManager: Mounting plugin OodleData
LogPluginManager: Mounting plugin AnimationSharing
LogPluginManager: Mounting plugin CLionSourceCodeAccess
LogPluginManager: Mounting plugin CodeLiteSourceCodeAccess
LogPluginManager: Mounting plugin GitSourceControl
LogPluginManager: Mounting plugin KDevelopSourceCodeAccess
LogPluginManager: Mounting plugin NullSourceCodeAccess
LogPluginManager: Mounting plugin PerforceSourceControl
LogPluginManager: Mounting plugin PixWinPlugin
LogPluginManager: Mounting plugin PlasticSourceControl
LogPluginManager: Mounting plugin PluginUtils
LogPluginManager: Mounting plugin AssetManagerEditor
LogPluginManager: Mounting plugin PropertyAccessNode
LogPluginManager: Mounting plugin RiderSourceCodeAccess
LogPluginManager: Mounting plugin CryptoKeys
LogPluginManager: Mounting plugin SubversionSourceControl
LogPluginManager: Mounting plugin CurveEditorTools
LogPluginManager: Mounting plugin TextureFormatOodle
LogPluginManager: Mounting plugin DataValidation
LogPluginManager: Mounting plugin UObjectPlugin
LogPluginManager: Mounting plugin FacialAnimation
LogPluginManager: Mounting plugin VisualStudioCodeSourceCodeAccess
LogPluginManager: Mounting plugin VisualStudioSourceCodeAccess
LogPluginManager: Mounting plugin GameplayTagsEditor
LogPluginManager: Mounting plugin XCodeSourceCodeAccess
LogPluginManager: Mounting plugin GeometryMode
LogPluginManager: Mounting plugin MacGraphicsSwitching
LogPluginManager: Mounting plugin MobileLauncherProfileWizard
LogPluginManager: Mounting plugin PluginBrowser
LogPluginManager: Mounting plugin SpeedTreeImporter
LogPluginManager: Mounting plugin MaterialAnalyzer
LogPluginManager: Mounting plugin DatasmithContent
LogPluginManager: Mounting plugin VariantManagerContent
LogPluginManager: Mounting plugin Niagara
LogPluginManager: Mounting plugin AlembicImporter
LogPluginManager: Mounting plugin AutomationUtils
LogPluginManager: Mounting plugin BackChannel
LogPluginManager: Mounting plugin ChaosCloth
LogPluginManager: Mounting plugin ChaosClothEditor
LogPluginManager: Mounting plugin ChaosEditor
LogPluginManager: Mounting plugin ChaosNiagara
LogPluginManager: Mounting plugin ChaosSolverPlugin
LogPluginManager: Mounting plugin CharacterAI
LogPluginManager: Mounting plugin GeometryCache
LogPluginManager: Mounting plugin GeometryCollectionPlugin
LogPluginManager: Mounting plugin LuminPlatformFeatures
LogPluginManager: Mounting plugin MagicLeap
LogPluginManager: Mounting plugin MagicLeapLightEstimation
LogPluginManager: Mounting plugin MagicLeapMedia
LogPluginManager: Mounting plugin MagicLeapPassableWorld
LogPluginManager: Mounting plugin MLSDK
LogPluginManager: Mounting plugin GeometryProcessing
LogPluginManager: Mounting plugin MotoSynth
LogPluginManager: Mounting plugin OpenImageDenoise
LogPluginManager: Mounting plugin PlanarCut
LogPluginManager: Mounting plugin PlatformCrypto
LogPluginManager: Mounting plugin ProxyLODPlugin
LogPluginManager: Mounting plugin PythonScriptPlugin
LogPluginManager: Mounting plugin SkeletalReduction
LogPluginManager: Mounting plugin AndroidMedia
LogPluginManager: Mounting plugin AvfMedia
LogPluginManager: Mounting plugin ImgMedia
LogPluginManager: Mounting plugin MediaCompositing
LogPluginManager: Mounting plugin MediaPlayerEditor
LogPluginManager: Mounting plugin WebMMedia
LogPluginManager: Mounting plugin WmfMedia
LogPluginManager: Mounting plugin ActorSequence
LogPluginManager: Mounting plugin TcpMessaging
LogPluginManager: Mounting plugin UdpMessaging
LogPluginManager: Mounting plugin LevelSequenceEditor
LogPluginManager: Mounting plugin MatineeToLevelSequence
LogPluginManager: Mounting plugin TemplateSequence
LogPluginManager: Mounting plugin OnlineSubsystem
LogPluginManager: Mounting plugin OnlineSubsystemNull
LogPluginManager: Mounting plugin OnlineSubsystemUtils
LogPluginManager: Mounting plugin LauncherChunkInstaller
LogPluginManager: Mounting plugin ActorLayerUtilities
LogPluginManager: Mounting plugin AndroidDeviceProfileSelector
LogPluginManager: Mounting plugin AndroidPermission
LogPluginManager: Mounting plugin AndroidMoviePlayer
LogPluginManager: Mounting plugin AppleImageUtils
LogPluginManager: Mounting plugin AppleMoviePlayer
LogPluginManager: Mounting plugin ArchVisCharacter
LogPluginManager: Mounting plugin AssetTags
LogPluginManager: Mounting plugin AudioCapture
LogPluginManager: Mounting plugin AudioSynesthesia
LogPluginManager: Mounting plugin CableComponent
LogPluginManager: Mounting plugin ChunkDownloader
LogPluginManager: Mounting plugin CustomMeshComponent
LogPluginManager: Mounting plugin EditableMesh
LogPluginManager: Mounting plugin ExampleDeviceProfileSelector
LogPluginManager: Mounting plugin GoogleCloudMessaging
LogPluginManager: Mounting plugin GooglePAD
LogPluginManager: Mounting plugin IOSDeviceProfileSelector
LogPluginManager: Mounting plugin LinuxDeviceProfileSelector
LogPluginManager: Mounting plugin LocationServicesBPLibrary
LogPluginManager: Mounting plugin MobilePatchingUtils
LogPluginManager: Mounting plugin OpenXR
LogPluginManager: Mounting plugin OpenXREyeTracker
LogPluginManager: Mounting plugin OpenXRHandTracking
LogPluginManager: Mounting plugin PhysXVehicles
LogPluginManager: Mounting plugin PostSplashScreen
LogPluginManager: Mounting plugin ProceduralMeshComponent
LogPluginManager: Mounting plugin PropertyAccessEditor
LogPluginManager: Mounting plugin RuntimePhysXCooking
LogPluginManager: Mounting plugin SignificanceManager
LogPluginManager: Mounting plugin SoundFields
LogPluginManager: Mounting plugin Synthesis
LogPluginManager: Mounting plugin WebMMoviePlayer
LogPluginManager: Mounting plugin WindowsMoviePlayer
LogPluginManager: Mounting plugin ScreenshotTools
LogPluginManager: Mounting plugin Takes
LogPluginManager: Mounting plugin ContentBrowserAssetDataSource
LogPluginManager: Mounting plugin ContentBrowserClassDataSource
LogPluginManager: Mounting plugin ContentBrowserFileDataSource
LogPluginManager: Mounting plugin OnlineSubsystemGooglePlay
LogPluginManager: Mounting plugin OnlineSubsystemIOS
LogPluginManager: Mounting plugin OculusVR
LogPluginManager: Mounting plugin SteamVR
PixWinPlugin: PIX capture plugin failed to initialize! Check that the process is launched from PIX.
LogInit: Using libcurl 7.55.1-DEV
LogInit:  - built for x86_64-pc-win32
LogInit:  - supports SSL with OpenSSL/1.1.1
LogInit:  - supports HTTP deflate (compression) using libz 1.2.8
LogInit:  - other features:
LogInit:      CURL_VERSION_SSL
LogInit:      CURL_VERSION_LIBZ
LogInit:      CURL_VERSION_IPV6
LogInit:      CURL_VERSION_ASYNCHDNS
LogInit:      CURL_VERSION_LARGEFILE
LogInit:      CURL_VERSION_IDN
LogInit:  CurlRequestOptions (configurable via config and command line):
LogInit:  - bVerifyPeer = true  - Libcurl will verify peer certificate
LogInit:  - bUseHttpProxy = false  - Libcurl will NOT use HTTP proxy
LogInit:  - bDontReuseConnections = false  - Libcurl will reuse connections
LogInit:  - MaxHostConnections = 16  - Libcurl will limit the number of connections to a host
LogInit:  - LocalHostAddr = Default
LogInit:  - BufferSize = 65536
LogOnline: OSS: Creating online subsystem instance for: NULL
LogInit: WinSock: version 1.1 (2.2), MaxSocks=32767, MaxUdp=65467
LogOnline: OSS: TryLoadSubsystemAndSetDefault: Loaded subsystem for module [NULL]
LogOculusPluginWrapper: OculusPlugin initialized successfully
LogHMD: Failed initializing OVRPlugin 1.59.0
LogInit: Build: ++UE4+Release-4.27-CL-18319896
LogInit: Engine Version: 4.27.2-18319896+++UE4+Release-4.27
LogInit: Compatible Engine Version: 4.27.0-17155196+++UE4+Release-4.27
LogInit: Net CL: 17155196
LogInit: OS: Windows 7 (Service Pack 1), CPU:        Intel(R) Core(TM) i5-2500S CPU @ 2.70GHz, GPU: AMD Radeon HD 6770M
LogInit: Compiled (64-bit): Nov 30 2021 07:12:08
LogInit: Compiled with Visual C++: 19.24.28315.00
LogInit: Build Configuration: Development
LogInit: Branch Name: ++UE4+Release-4.27
LogInit: Command Line:  -EpicPortal -epicusername=pozdniy -epicuserid=c30ebdaf521447c6aac47a94ff9cf0fa -epiclocale=ru -epicsandboxid=ue
LogInit: Base Directory: C:/Program Files/Epic Games/UE_4.27/Engine/Binaries/Win64/
LogInit: Allocator: TBB
LogInit: Installed Engine Build: 1
LogDevObjectVersion: Number of dev versions registered: 29
LogDevObjectVersion:   Dev-Blueprints (B0D832E4-1F89-4F0D-ACCF-7EB736FD4AA2): 10
LogDevObjectVersion:   Dev-Build (E1C64328-A22C-4D53-A36C-8E866417BD8C): 0
LogDevObjectVersion:   Dev-Core (375EC13C-06E4-48FB-B500-84F0262A717E): 4
LogDevObjectVersion:   Dev-Editor (E4B068ED-F494-42E9-A231-DA0B2E46BB41): 40
LogDevObjectVersion:   Dev-Framework (CFFC743F-43B0-4480-9391-14DF171D2073): 37
LogDevObjectVersion:   Dev-Mobile (B02B49B5-BB20-44E9-A304-32B752E40360): 3
LogDevObjectVersion:   Dev-Networking (A4E4105C-59A1-49B5-A7C5-40C4547EDFEE): 0
LogDevObjectVersion:   Dev-Online (39C831C9-5AE6-47DC-9A44-9C173E1C8E7C): 0
LogDevObjectVersion:   Dev-Physics (78F01B33-EBEA-4F98-B9B4-84EACCB95AA2): 14
LogDevObjectVersion:   Dev-Platform (6631380F-2D4D-43E0-8009-CF276956A95A): 0
LogDevObjectVersion:   Dev-Rendering (12F88B9F-8875-4AFC-A67C-D90C383ABD29): 45
LogDevObjectVersion:   Dev-Sequencer (7B5AE74C-D270-4C10-A958-57980B212A5A): 13
LogDevObjectVersion:   Dev-VR (D7296918-1DD6-4BDD-9DE2-64A83CC13884): 3
LogDevObjectVersion:   Dev-LoadTimes (C2A15278-BFE7-4AFE-6C17-90FF531DF755): 1
LogDevObjectVersion:   Private-Geometry (6EACA3D4-40EC-4CC1-B786-8BED09428FC5): 3
LogDevObjectVersion:   Dev-AnimPhys (29E575DD-E0A3-4627-9D10-D276232CDCEA): 17
LogDevObjectVersion:   Dev-Anim (AF43A65D-7FD3-4947-9873-3E8ED9C1BB05): 15
LogDevObjectVersion:   Dev-ReflectionCapture (6B266CEC-1EC7-4B8F-A30B-E4D90942FC07): 1
LogDevObjectVersion:   Dev-Automation (0DF73D61-A23F-47EA-B727-89E90C41499A): 1
LogDevObjectVersion:   FortniteMain (601D1886-AC64-4F84-AA16-D3DE0DEAC7D6): 47
LogDevObjectVersion:   FortniteRelease (E7086368-6B23-4C58-8439-1B7016265E91): 1
LogDevObjectVersion:   Dev-Enterprise (9DFFBCD6-494F-0158-E221-12823C92A888): 10
LogDevObjectVersion:   Dev-Niagara (F2AED0AC-9AFE-416F-8664-AA7FFA26D6FC): 1
LogDevObjectVersion:   Dev-Destruction (174F1F0B-B4C6-45A5-B13F-2EE8D0FB917D): 10
LogDevObjectVersion:   Dev-Physics-Ext (35F94A83-E258-406C-A318-09F59610247C): 41
LogDevObjectVersion:   Dev-PhysicsMaterial-Chaos (B68FC16E-8B1B-42E2-B453-215C058844FE): 1
LogDevObjectVersion:   Dev-CineCamera (B2E18506-4273-CFC2-A54E-F4BB758BBA07): 1
LogDevObjectVersion:   Dev-VirtualProduction (64F58936-FD1B-42BA-BA96-7289D5D0FA4E): 1
LogDevObjectVersion:   Dev-MediaFramework (6F0ED827-A609-4895-9C91-998D90180EA4): 2
LogInit: Presizing for max 25165824 objects, including 0 objects not considered by GC, pre-allocating 0 bytes for permanent pool.
LogConfig: Applying CVar settings from Section [/Script/Engine.StreamingSettings] File [C:/Users/Kate/Documents/Unreal Projects/bowling/Saved/Config/Windows/Engine.ini]
LogConfig: Setting CVar [[s.MinBulkDataSizeForAsyncLoading:131072]]
LogConfig: Setting CVar [[s.AsyncLoadingThreadEnabled:0]]
LogConfig: Setting CVar [[s.EventDrivenLoaderEnabled:1]]
LogConfig: Setting CVar [[s.WarnIfTimeLimitExceeded:0]]
LogConfig: Setting CVar [[s.TimeLimitExceededMultiplier:1.5]]
LogConfig: Setting CVar [[s.TimeLimitExceededMinTime:0.005]]
LogConfig: Setting CVar [[s.UseBackgroundLevelStreaming:1]]
LogConfig: Setting CVar [[s.PriorityAsyncLoadingExtraTime:15.0]]
LogConfig: Setting CVar [[s.LevelStreamingActorsUpdateTimeLimit:5.0]]
LogConfig: Setting CVar [[s.PriorityLevelStreamingActorsUpdateExtraTime:5.0]]
LogConfig: Setting CVar [[s.LevelStreamingComponentsRegistrationGranularity:10]]
LogConfig: Setting CVar [[s.UnregisterComponentsTimeLimit:1.0]]
LogConfig: Setting CVar [[s.LevelStreamingComponentsUnregistrationGranularity:5]]
LogConfig: Setting CVar [[s.FlushStreamingOnExit:1]]
LogInit: Object subsystem initialized
LogConfig: Setting CVar [[con.DebugEarlyDefault:1]]
LogConfig: Setting CVar [[r.setres:1280x720]]
[2022.11.09-13.57.41:096][  0]LogConfig: Setting CVar [[r.VSync:0]]
[2022.11.09-13.57.41:096][  0]LogConfig: Setting CVar [[r.RHICmdBypass:0]]
[2022.11.09-13.57.41:096][  0]LogConfig: Applying CVar settings from Section [/Script/Engine.RendererSettings] File [C:/Users/Kate/Documents/Unreal Projects/bowling/Saved/Config/Windows/Engine.ini]
[2022.11.09-13.57.41:096][  0]LogConfig: Setting CVar [[r.GPUCrashDebugging:0]]
[2022.11.09-13.57.41:096][  0]LogConfig: Applying CVar settings from Section [/Script/Engine.RendererOverrideSettings] File [C:/Users/Kate/Documents/Unreal Projects/bowling/Saved/Config/Windows/Engine.ini]
[2022.11.09-13.57.41:096][  0]LogConfig: Applying CVar settings from Section [/Script/Engine.StreamingSettings] File [C:/Users/Kate/Documents/Unreal Projects/bowling/Saved/Config/Windows/Engine.ini]
[2022.11.09-13.57.41:096][  0]LogConfig: Setting CVar [[s.MinBulkDataSizeForAsyncLoading:131072]]
[2022.11.09-13.57.41:096][  0]LogConfig: Setting CVar [[s.AsyncLoadingThreadEnabled:0]]
[2022.11.09-13.57.41:096][  0]LogConfig: Setting CVar [[s.EventDrivenLoaderEnabled:1]]
[2022.11.09-13.57.41:096][  0]LogConfig: Setting CVar [[s.WarnIfTimeLimitExceeded:0]]
[2022.11.09-13.57.41:096][  0]LogConfig: Setting CVar [[s.TimeLimitExceededMultiplier:1.5]]
[2022.11.09-13.57.41:096][  0]LogConfig: Setting CVar [[s.TimeLimitExceededMinTime:0.005]]
[2022.11.09-13.57.41:096][  0]LogConfig: Setting CVar [[s.UseBackgroundLevelStreaming:1]]
[2022.11.09-13.57.41:096][  0]LogConfig: Setting CVar [[s.PriorityAsyncLoadingExtraTime:15.0]]
[2022.11.09-13.57.41:096][  0]LogConfig: Setting CVar [[s.LevelStreamingActorsUpdateTimeLimit:5.0]]
[2022.11.09-13.57.41:096][  0]LogConfig: Setting CVar [[s.PriorityLevelStreamingActorsUpdateExtraTime:5.0]]
[2022.11.09-13.57.41:096][  0]LogConfig: Setting CVar [[s.LevelStreamingComponentsRegistrationGranularity:10]]
[2022.11.09-13.57.41:096][  0]LogConfig: Setting CVar [[s.UnregisterComponentsTimeLimit:1.0]]
[2022.11.09-13.57.41:096][  0]LogConfig: Setting CVar [[s.LevelStreamingComponentsUnregistrationGranularity:5]]
[2022.11.09-13.57.41:096][  0]LogConfig: Setting CVar [[s.FlushStreamingOnExit:1]]
[2022.11.09-13.57.41:096][  0]LogConfig: Applying CVar settings from Section [/Script/Engine.GarbageCollectionSettings] File [C:/Users/Kate/Documents/Unreal Projects/bowling/Saved/Config/Windows/Engine.ini]
[2022.11.09-13.57.41:096][  0]LogConfig: Setting CVar [[gc.MaxObjectsNotConsideredByGC:1]]
[2022.11.09-13.57.41:096][  0]LogConfig: Setting CVar [[gc.SizeOfPermanentObjectPool:0]]
[2022.11.09-13.57.41:096][  0]LogConfig: Setting CVar [[gc.FlushStreamingOnGC:0]]
[2022.11.09-13.57.41:096][  0]LogConfig: Setting CVar [[gc.NumRetriesBeforeForcingGC:10]]
[2022.11.09-13.57.41:096][  0]LogConfig: Setting CVar [[gc.AllowParallelGC:1]]
[2022.11.09-13.57.41:096][  0]LogConfig: Setting CVar [[gc.TimeBetweenPurgingPendingKillObjects:61.1]]
[2022.11.09-13.57.41:096][  0]LogConfig: Setting CVar [[gc.MaxObjectsInEditor:25165824]]
[2022.11.09-13.57.41:096][  0]LogConfig: Setting CVar [[gc.IncrementalBeginDestroyEnabled:1]]
[2022.11.09-13.57.41:096][  0]LogConfig: Setting CVar [[gc.CreateGCClusters:1]]
[2022.11.09-13.57.41:096][  0]LogConfig: Setting CVar [[gc.MinGCClusterSize:5]]
[2022.11.09-13.57.41:096][  0]LogConfig: Setting CVar [[gc.ActorClusteringEnabled:0]]
[2022.11.09-13.57.41:096][  0]LogConfig: Setting CVar [[gc.BlueprintClusteringEnabled:0]]
[2022.11.09-13.57.41:097][  0]LogConfig: Setting CVar [[gc.UseDisregardForGCOnDedicatedServers:0]]
[2022.11.09-13.57.41:097][  0]LogConfig: Setting CVar [[gc.MultithreadedDestructionEnabled:1]]
[2022.11.09-13.57.41:097][  0]LogConfig: Applying CVar settings from Section [/Script/Engine.NetworkSettings] File [C:/Users/Kate/Documents/Unreal Projects/bowling/Saved/Config/Windows/Engine.ini]
[2022.11.09-13.57.41:097][  0]LogConfig: Applying CVar settings from Section [/Script/UnrealEd.CookerSettings] File [C:/Users/Kate/Documents/Unreal Projects/bowling/Saved/Config/Windows/Engine.ini]
[2022.11.09-13.57.41:109][  0]LogConfig: Applying CVar settings from Section [ViewDistanceQuality@3] File [C:/Users/Kate/Documents/Unreal Projects/bowling/Saved/Config/Windows/Scalability.ini]
[2022.11.09-13.57.41:110][  0]LogConfig: Setting CVar [[r.SkeletalMeshLODBias:0]]
[2022.11.09-13.57.41:110][  0]LogConfig: Setting CVar [[r.ViewDistanceScale:1.0]]
[2022.11.09-13.57.41:110][  0]LogConfig: Applying CVar settings from Section [AntiAliasingQuality@3] File [C:/Users/Kate/Documents/Unreal Projects/bowling/Saved/Config/Windows/Scalability.ini]
[2022.11.09-13.57.41:110][  0]LogConfig: Setting CVar [[r.PostProcessAAQuality:4]]
[2022.11.09-13.57.41:110][  0]LogConfig: Applying CVar settings from Section [ShadowQuality@3] File [C:/Users/Kate/Documents/Unreal Projects/bowling/Saved/Config/Windows/Scalability.ini]
[2022.11.09-13.57.41:110][  0]LogConfig: Setting CVar [[r.LightFunctionQuality:1]]
[2022.11.09-13.57.41:110][  0]LogConfig: Setting CVar [[r.ShadowQuality:5]]
[2022.11.09-13.57.41:110][  0]LogConfig: Setting CVar [[r.Shadow.CSM.MaxCascades:10]]
[2022.11.09-13.57.41:110][  0]LogConfig: Setting CVar [[r.Shadow.MaxResolution:2048]]
[2022.11.09-13.57.41:110][  0]LogConfig: Setting CVar [[r.Shadow.MaxCSMResolution:2048]]
[2022.11.09-13.57.41:110][  0]LogConfig: Setting CVar [[r.Shadow.RadiusThreshold:0.01]]
[2022.11.09-13.57.41:110][  0]LogConfig: Setting CVar [[r.Shadow.DistanceScale:1.0]]
[2022.11.09-13.57.41:110][  0]LogConfig: Setting CVar [[r.Shadow.CSM.TransitionScale:1.0]]
[2022.11.09-13.57.41:110][  0]LogConfig: Setting CVar [[r.Shadow.PreShadowResolutionFactor:1.0]]
[2022.11.09-13.57.41:110][  0]LogConfig: Setting CVar [[r.DistanceFieldShadowing:1]]
[2022.11.09-13.57.41:110][  0]LogConfig: Setting CVar [[r.DistanceFieldAO:1]]
[2022.11.09-13.57.41:110][  0]LogConfig: Setting CVar [[r.AOQuality:2]]
[2022.11.09-13.57.41:110][  0]LogConfig: Setting CVar [[r.VolumetricFog:1]]
[2022.11.09-13.57.41:110][  0]LogConfig: Setting CVar [[r.VolumetricFog.GridPixelSize:8]]
[2022.11.09-13.57.41:110][  0]LogConfig: Setting CVar [[r.VolumetricFog.GridSizeZ:128]]
[2022.11.09-13.57.41:110][  0]LogConfig: Setting CVar [[r.VolumetricFog.HistoryMissSupersampleCount:4]]
[2022.11.09-13.57.41:110][  0]LogConfig: Setting CVar [[r.LightMaxDrawDistanceScale:1]]
[2022.11.09-13.57.41:110][  0]LogConfig: Setting CVar [[r.CapsuleShadows:1]]
[2022.11.09-13.57.41:110][  0]LogConfig: Applying CVar settings from Section [PostProcessQuality@3] File [C:/Users/Kate/Documents/Unreal Projects/bowling/Saved/Config/Windows/Scalability.ini]
[2022.11.09-13.57.41:110][  0]LogConfig: Setting CVar [[r.MotionBlurQuality:4]]
[2022.11.09-13.57.41:110][  0]LogConfig: Setting CVar [[r.AmbientOcclusionMipLevelFactor:0.4]]
[2022.11.09-13.57.41:110][  0]LogConfig: Setting CVar [[r.AmbientOcclusionMaxQuality:100]]
[2022.11.09-13.57.41:110][  0]LogConfig: Setting CVar [[r.AmbientOcclusionLevels:-1]]
[2022.11.09-13.57.41:110][  0]LogConfig: Setting CVar [[r.AmbientOcclusionRadiusScale:1.0]]
[2022.11.09-13.57.41:110][  0]LogConfig: Setting CVar [[r.DepthOfFieldQuality:2]]
[2022.11.09-13.57.41:110][  0]LogConfig: Setting CVar [[r.RenderTargetPoolMin:400]]
[2022.11.09-13.57.41:110][  0]LogConfig: Setting CVar [[r.LensFlareQuality:2]]
[2022.11.09-13.57.41:110][  0]LogConfig: Setting CVar [[r.SceneColorFringeQuality:1]]
[2022.11.09-13.57.41:110][  0]LogConfig: Setting CVar [[r.EyeAdaptationQuality:2]]
[2022.11.09-13.57.41:110][  0]LogConfig: Setting CVar [[r.BloomQuality:5]]
[2022.11.09-13.57.41:110][  0]LogConfig: Setting CVar [[r.FastBlurThreshold:100]]
[2022.11.09-13.57.41:110][  0]LogConfig: Setting CVar [[r.Upscale.Quality:3]]
[2022.11.09-13.57.41:110][  0]LogConfig: Setting CVar [[r.Tonemapper.GrainQuantization:1]]
[2022.11.09-13.57.41:110][  0]LogConfig: Setting CVar [[r.LightShaftQuality:1]]
[2022.11.09-13.57.41:110][  0]LogConfig: Setting CVar [[r.Filter.SizeScale:1]]
[2022.11.09-13.57.41:110][  0]LogConfig: Setting CVar [[r.Tonemapper.Quality:5]]
[2022.11.09-13.57.41:110][  0]LogConfig: Setting CVar [[r.DOF.Gather.AccumulatorQuality:1        ; higher gathering accumulator quality]]
[2022.11.09-13.57.41:110][  0]LogConfig: Setting CVar [[r.DOF.Gather.PostfilterMethod:1          ; Median3x3 postfilering method]]
[2022.11.09-13.57.41:110][  0]LogConfig: Setting CVar [[r.DOF.Gather.EnableBokehSettings:0       ; no bokeh simulation when gathering]]
[2022.11.09-13.57.41:110][  0]LogConfig: Setting CVar [[r.DOF.Gather.RingCount:4                 ; medium number of samples when gathering]]
[2022.11.09-13.57.41:110][  0]LogConfig: Setting CVar [[r.DOF.Scatter.ForegroundCompositing:1    ; additive foreground scattering]]
[2022.11.09-13.57.41:110][  0]LogConfig: Setting CVar [[r.DOF.Scatter.BackgroundCompositing:2    ; additive background scattering]]
[2022.11.09-13.57.41:110][  0]LogConfig: Setting CVar [[r.DOF.Scatter.EnableBokehSettings:1      ; bokeh simulation when scattering]]
[2022.11.09-13.57.41:110][  0]LogConfig: Setting CVar [[r.DOF.Scatter.MaxSpriteRatio:0.1         ; only a maximum of 10% of scattered bokeh]]
[2022.11.09-13.57.41:110][  0]LogConfig: Setting CVar [[r.DOF.Recombine.Quality:1                ; cheap slight out of focus]]
[2022.11.09-13.57.41:111][  0]LogConfig: Setting CVar [[r.DOF.Recombine.EnableBokehSettings:0    ; no bokeh simulation on slight out of focus]]
[2022.11.09-13.57.41:111][  0]LogConfig: Setting CVar [[r.DOF.TemporalAAQuality:1                ; more stable temporal accumulation]]
[2022.11.09-13.57.41:111][  0]LogConfig: Setting CVar [[r.DOF.Kernel.MaxForegroundRadius:0.025]]
[2022.11.09-13.57.41:111][  0]LogConfig: Setting CVar [[r.DOF.Kernel.MaxBackgroundRadius:0.025]]
[2022.11.09-13.57.41:111][  0]LogConfig: Applying CVar settings from Section [TextureQuality@3] File [C:/Users/Kate/Documents/Unreal Projects/bowling/Saved/Config/Windows/Scalability.ini]
[2022.11.09-13.57.41:111][  0]LogConfig: Setting CVar [[r.Streaming.MipBias:0]]
[2022.11.09-13.57.41:111][  0]LogConfig: Setting CVar [[r.Streaming.AmortizeCPUToGPUCopy:0]]
[2022.11.09-13.57.41:111][  0]LogConfig: Setting CVar [[r.Streaming.MaxNumTexturesToStreamPerFrame:0]]
[2022.11.09-13.57.41:111][  0]LogConfig: Setting CVar [[r.Streaming.Boost:1]]
[2022.11.09-13.57.41:111][  0]LogConfig: Setting CVar [[r.MaxAnisotropy:8]]
[2022.11.09-13.57.41:111][  0]LogConfig: Setting CVar [[r.VT.MaxAnisotropy:8]]
[2022.11.09-13.57.41:111][  0]LogConfig: Setting CVar [[r.Streaming.LimitPoolSizeToVRAM:0]]
[2022.11.09-13.57.41:111][  0]LogConfig: Setting CVar [[r.Streaming.PoolSize:1000]]
[2022.11.09-13.57.41:111][  0]LogConfig: Setting CVar [[r.Streaming.MaxEffectiveScreenSize:0]]
[2022.11.09-13.57.41:111][  0]LogConfig: Applying CVar settings from Section [EffectsQuality@3] File [C:/Users/Kate/Documents/Unreal Projects/bowling/Saved/Config/Windows/Scalability.ini]
[2022.11.09-13.57.41:111][  0]LogConfig: Setting CVar [[r.TranslucencyLightingVolumeDim:64]]
[2022.11.09-13.57.41:111][  0]LogConfig: Setting CVar [[r.RefractionQuality:2]]
[2022.11.09-13.57.41:111][  0]LogConfig: Setting CVar [[r.SSR.Quality:3]]
[2022.11.09-13.57.41:111][  0]LogConfig: Setting CVar [[r.SSR.HalfResSceneColor:0]]
[2022.11.09-13.57.41:111][  0]LogConfig: Setting CVar [[r.SceneColorFormat:4]]
[2022.11.09-13.57.41:111][  0]LogConfig: Setting CVar [[r.DetailMode:2]]
[2022.11.09-13.57.41:111][  0]LogConfig: Setting CVar [[r.TranslucencyVolumeBlur:1]]
[2022.11.09-13.57.41:111][  0]LogConfig: Setting CVar [[r.MaterialQualityLevel:1 ; High quality]]
[2022.11.09-13.57.41:111][  0]LogConfig: Setting CVar [[r.AnisotropicMaterials:1]]
[2022.11.09-13.57.41:111][  0]LogConfig: Setting CVar [[r.SSS.Scale:1]]
[2022.11.09-13.57.41:111][  0]LogConfig: Setting CVar [[r.SSS.SampleSet:2]]
[2022.11.09-13.57.41:111][  0]LogConfig: Setting CVar [[r.SSS.Quality:1]]
[2022.11.09-13.57.41:111][  0]LogConfig: Setting CVar [[r.SSS.HalfRes:0]]
[2022.11.09-13.57.41:111][  0]LogConfig: Setting CVar [[r.SSGI.Quality:3]]
[2022.11.09-13.57.41:111][  0]LogConfig: Setting CVar [[r.EmitterSpawnRateScale:1.0]]
[2022.11.09-13.57.41:111][  0]LogConfig: Setting CVar [[r.ParticleLightQuality:2]]
[2022.11.09-13.57.41:111][  0]LogConfig: Setting CVar [[r.SkyAtmosphere.AerialPerspectiveLUT.FastApplyOnOpaque:1 ; Always have FastSkyLUT 1 in this case to avoid wrong sky]]
[2022.11.09-13.57.41:111][  0]LogConfig: Setting CVar [[r.SkyAtmosphere.AerialPerspectiveLUT.SampleCountMaxPerSlice:4]]
[2022.11.09-13.57.41:111][  0]LogConfig: Setting CVar [[r.SkyAtmosphere.AerialPerspectiveLUT.DepthResolution:16.0]]
[2022.11.09-13.57.41:111][  0]LogConfig: Setting CVar [[r.SkyAtmosphere.FastSkyLUT:1]]
[2022.11.09-13.57.41:111][  0]LogConfig: Setting CVar [[r.SkyAtmosphere.FastSkyLUT.SampleCountMin:4.0]]
[2022.11.09-13.57.41:111][  0]LogConfig: Setting CVar [[r.SkyAtmosphere.FastSkyLUT.SampleCountMax:128.0]]
[2022.11.09-13.57.41:111][  0]LogConfig: Setting CVar [[r.SkyAtmosphere.SampleCountMin:4.0]]
[2022.11.09-13.57.41:111][  0]LogConfig: Setting CVar [[r.SkyAtmosphere.SampleCountMax:128.0]]
[2022.11.09-13.57.41:111][  0]LogConfig: Setting CVar [[r.SkyAtmosphere.TransmittanceLUT.UseSmallFormat:0]]
[2022.11.09-13.57.41:111][  0]LogConfig: Setting CVar [[r.SkyAtmosphere.TransmittanceLUT.SampleCount:10.0]]
[2022.11.09-13.57.41:111][  0]LogConfig: Setting CVar [[r.SkyAtmosphere.MultiScatteringLUT.SampleCount:15.0]]
[2022.11.09-13.57.41:111][  0]LogConfig: Setting CVar [[r.SkyLight.RealTimeReflectionCapture:1]]
[2022.11.09-13.57.41:111][  0]LogConfig: Applying CVar settings from Section [FoliageQuality@3] File [C:/Users/Kate/Documents/Unreal Projects/bowling/Saved/Config/Windows/Scalability.ini]
[2022.11.09-13.57.41:111][  0]LogConfig: Setting CVar [[foliage.DensityScale:1.0]]
[2022.11.09-13.57.41:112][  0]LogConfig: Setting CVar [[grass.DensityScale:1.0]]
[2022.11.09-13.57.41:112][  0]LogConfig: Applying CVar settings from Section [ShadingQuality@3] File [C:/Users/Kate/Documents/Unreal Projects/bowling/Saved/Config/Windows/Scalability.ini]
[2022.11.09-13.57.41:112][  0]LogConfig: Setting CVar [[r.HairStrands.SkyLighting.IntegrationType:2]]
[2022.11.09-13.57.41:112][  0]LogConfig: Setting CVar [[r.HairStrands.SkyAO.SampleCount:4]]
[2022.11.09-13.57.41:112][  0]LogConfig: Setting CVar [[r.HairStrands.Visibility.MSAA.SamplePerPixel:4]]
[2022.11.09-13.57.41:112][  0]LogInit: Selected Device Profile: [Windows]
[2022.11.09-13.57.41:112][  0]LogInit: Applying CVar settings loaded from the selected device profile: [Windows]
[2022.11.09-13.57.41:112][  0]LogHAL: Display: Platform has ~ 11 GB [10981457920 / 17179869184 / 11], which maps to Default [LargestMinGB=32, LargerMinGB=12, DefaultMinGB=8, SmallerMinGB=6, SmallestMinGB=0)
[2022.11.09-13.57.41:112][  0]LogInit: Going up to parent DeviceProfile []
[2022.11.09-13.57.41:112][  0]LogConfig: Applying CVar settings from Section [ViewDistanceQuality@3] File [C:/Users/Kate/Documents/Unreal Projects/bowling/Saved/Config/Windows/Scalability.ini]
[2022.11.09-13.57.41:112][  0]LogConfig: Setting CVar [[r.SkeletalMeshLODBias:0]]
[2022.11.09-13.57.41:112][  0]LogConfig: Setting CVar [[r.ViewDistanceScale:1.0]]
[2022.11.09-13.57.41:112][  0]LogConfig: Applying CVar settings from Section [AntiAliasingQuality@3] File [C:/Users/Kate/Documents/Unreal Projects/bowling/Saved/Config/Windows/Scalability.ini]
[2022.11.09-13.57.41:112][  0]LogConfig: Setting CVar [[r.PostProcessAAQuality:4]]
[2022.11.09-13.57.41:112][  0]LogConfig: Applying CVar settings from Section [ShadowQuality@3] File [C:/Users/Kate/Documents/Unreal Projects/bowling/Saved/Config/Windows/Scalability.ini]
[2022.11.09-13.57.41:112][  0]LogConfig: Setting CVar [[r.LightFunctionQuality:1]]
[2022.11.09-13.57.41:112][  0]LogConfig: Setting CVar [[r.ShadowQuality:5]]
[2022.11.09-13.57.41:112][  0]LogConfig: Setting CVar [[r.Shadow.CSM.MaxCascades:10]]
[2022.11.09-13.57.41:112][  0]LogConfig: Setting CVar [[r.Shadow.MaxResolution:2048]]
[2022.11.09-13.57.41:112][  0]LogConfig: Setting CVar [[r.Shadow.MaxCSMResolution:2048]]
[2022.11.09-13.57.41:112][  0]LogConfig: Setting CVar [[r.Shadow.RadiusThreshold:0.01]]
[2022.11.09-13.57.41:112][  0]LogConfig: Setting CVar [[r.Shadow.DistanceScale:1.0]]
[2022.11.09-13.57.41:112][  0]LogConfig: Setting CVar [[r.Shadow.CSM.TransitionScale:1.0]]
[2022.11.09-13.57.41:112][  0]LogConfig: Setting CVar [[r.Shadow.PreShadowResolutionFactor:1.0]]
[2022.11.09-13.57.41:112][  0]LogConfig: Setting CVar [[r.DistanceFieldShadowing:1]]
[2022.11.09-13.57.41:112][  0]LogConfig: Setting CVar [[r.DistanceFieldAO:1]]
[2022.11.09-13.57.41:112][  0]LogConfig: Setting CVar [[r.AOQuality:2]]
[2022.11.09-13.57.41:112][  0]LogConfig: Setting CVar [[r.VolumetricFog:1]]
[2022.11.09-13.57.41:112][  0]LogConfig: Setting CVar [[r.VolumetricFog.GridPixelSize:8]]
[2022.11.09-13.57.41:112][  0]LogConfig: Setting CVar [[r.VolumetricFog.GridSizeZ:128]]
[2022.11.09-13.57.41:112][  0]LogConfig: Setting CVar [[r.VolumetricFog.HistoryMissSupersampleCount:4]]
[2022.11.09-13.57.41:112][  0]LogConfig: Setting CVar [[r.LightMaxDrawDistanceScale:1]]
[2022.11.09-13.57.41:112][  0]LogConfig: Setting CVar [[r.CapsuleShadows:1]]
[2022.11.09-13.57.41:112][  0]LogConfig: Applying CVar settings from Section [PostProcessQuality@3] File [C:/Users/Kate/Documents/Unreal Projects/bowling/Saved/Config/Windows/Scalability.ini]
[2022.11.09-13.57.41:112][  0]LogConfig: Setting CVar [[r.MotionBlurQuality:4]]
[2022.11.09-13.57.41:112][  0]LogConfig: Setting CVar [[r.AmbientOcclusionMipLevelFactor:0.4]]
[2022.11.09-13.57.41:112][  0]LogConfig: Setting CVar [[r.AmbientOcclusionMaxQuality:100]]
[2022.11.09-13.57.41:112][  0]LogConfig: Setting CVar [[r.AmbientOcclusionLevels:-1]]
[2022.11.09-13.57.41:112][  0]LogConfig: Setting CVar [[r.AmbientOcclusionRadiusScale:1.0]]
[2022.11.09-13.57.41:113][  0]LogConfig: Setting CVar [[r.DepthOfFieldQuality:2]]
[2022.11.09-13.57.41:113][  0]LogConfig: Setting CVar [[r.RenderTargetPoolMin:400]]
[2022.11.09-13.57.41:113][  0]LogConfig: Setting CVar [[r.LensFlareQuality:2]]
[2022.11.09-13.57.41:113][  0]LogConfig: Setting CVar [[r.SceneColorFringeQuality:1]]
[2022.11.09-13.57.41:113][  0]LogConfig: Setting CVar [[r.EyeAdaptationQuality:2]]
[2022.11.09-13.57.41:113][  0]LogConfig: Setting CVar [[r.BloomQuality:5]]
[2022.11.09-13.57.41:113][  0]LogConfig: Setting CVar [[r.FastBlurThreshold:100]]
[2022.11.09-13.57.41:113][  0]LogConfig: Setting CVar [[r.Upscale.Quality:3]]
[2022.11.09-13.57.41:113][  0]LogConfig: Setting CVar [[r.Tonemapper.GrainQuantization:1]]
[2022.11.09-13.57.41:113][  0]LogConfig: Setting CVar [[r.LightShaftQuality:1]]
[2022.11.09-13.57.41:113][  0]LogConfig: Setting CVar [[r.Filter.SizeScale:1]]
[2022.11.09-13.57.41:113][  0]LogConfig: Setting CVar [[r.Tonemapper.Quality:5]]
[2022.11.09-13.57.41:113][  0]LogConfig: Setting CVar [[r.DOF.Gather.AccumulatorQuality:1        ; higher gathering accumulator quality]]
[2022.11.09-13.57.41:113][  0]LogConfig: Setting CVar [[r.DOF.Gather.PostfilterMethod:1          ; Median3x3 postfilering method]]
[2022.11.09-13.57.41:113][  0]LogConfig: Setting CVar [[r.DOF.Gather.EnableBokehSettings:0       ; no bokeh simulation when gathering]]
[2022.11.09-13.57.41:113][  0]LogConfig: Setting CVar [[r.DOF.Gather.RingCount:4                 ; medium number of samples when gathering]]
[2022.11.09-13.57.41:113][  0]LogConfig: Setting CVar [[r.DOF.Scatter.ForegroundCompositing:1    ; additive foreground scattering]]
[2022.11.09-13.57.41:113][  0]LogConfig: Setting CVar [[r.DOF.Scatter.BackgroundCompositing:2    ; additive background scattering]]
[2022.11.09-13.57.41:113][  0]LogConfig: Setting CVar [[r.DOF.Scatter.EnableBokehSettings:1      ; bokeh simulation when scattering]]
[2022.11.09-13.57.41:113][  0]LogConfig: Setting CVar [[r.DOF.Scatter.MaxSpriteRatio:0.1         ; only a maximum of 10% of scattered bokeh]]
[2022.11.09-13.57.41:113][  0]LogConfig: Setting CVar [[r.DOF.Recombine.Quality:1                ; cheap slight out of focus]]
[2022.11.09-13.57.41:113][  0]LogConfig: Setting CVar [[r.DOF.Recombine.EnableBokehSettings:0    ; no bokeh simulation on slight out of focus]]
[2022.11.09-13.57.41:113][  0]LogConfig: Setting CVar [[r.DOF.TemporalAAQuality:1                ; more stable temporal accumulation]]
[2022.11.09-13.57.41:113][  0]LogConfig: Setting CVar [[r.DOF.Kernel.MaxForegroundRadius:0.025]]
[2022.11.09-13.57.41:113][  0]LogConfig: Setting CVar [[r.DOF.Kernel.MaxBackgroundRadius:0.025]]
[2022.11.09-13.57.41:113][  0]LogConfig: Applying CVar settings from Section [TextureQuality@3] File [C:/Users/Kate/Documents/Unreal Projects/bowling/Saved/Config/Windows/Scalability.ini]
[2022.11.09-13.57.41:113][  0]LogConfig: Setting CVar [[r.Streaming.MipBias:0]]
[2022.11.09-13.57.41:113][  0]LogConfig: Setting CVar [[r.Streaming.AmortizeCPUToGPUCopy:0]]
[2022.11.09-13.57.41:113][  0]LogConfig: Setting CVar [[r.Streaming.MaxNumTexturesToStreamPerFrame:0]]
[2022.11.09-13.57.41:113][  0]LogConfig: Setting CVar [[r.Streaming.Boost:1]]
[2022.11.09-13.57.41:113][  0]LogConfig: Setting CVar [[r.MaxAnisotropy:8]]
[2022.11.09-13.57.41:113][  0]LogConfig: Setting CVar [[r.VT.MaxAnisotropy:8]]
[2022.11.09-13.57.41:113][  0]LogConfig: Setting CVar [[r.Streaming.LimitPoolSizeToVRAM:0]]
[2022.11.09-13.57.41:113][  0]LogConfig: Setting CVar [[r.Streaming.PoolSize:1000]]
[2022.11.09-13.57.41:113][  0]LogConfig: Setting CVar [[r.Streaming.MaxEffectiveScreenSize:0]]
[2022.11.09-13.57.41:113][  0]LogConfig: Applying CVar settings from Section [EffectsQuality@3] File [C:/Users/Kate/Documents/Unreal Projects/bowling/Saved/Config/Windows/Scalability.ini]
[2022.11.09-13.57.41:113][  0]LogConfig: Setting CVar [[r.TranslucencyLightingVolumeDim:64]]
[2022.11.09-13.57.41:113][  0]LogConfig: Setting CVar [[r.RefractionQuality:2]]
[2022.11.09-13.57.41:113][  0]LogConfig: Setting CVar [[r.SSR.Quality:3]]
[2022.11.09-13.57.41:113][  0]LogConfig: Setting CVar [[r.SSR.HalfResSceneColor:0]]
[2022.11.09-13.57.41:113][  0]LogConfig: Setting CVar [[r.SceneColorFormat:4]]
[2022.11.09-13.57.41:113][  0]LogConfig: Setting CVar [[r.DetailMode:2]]
[2022.11.09-13.57.41:113][  0]LogConfig: Setting CVar [[r.TranslucencyVolumeBlur:1]]
[2022.11.09-13.57.41:113][  0]LogConfig: Setting CVar [[r.MaterialQualityLevel:1 ; High quality]]
[2022.11.09-13.57.41:113][  0]LogConfig: Setting CVar [[r.AnisotropicMaterials:1]]
[2022.11.09-13.57.41:113][  0]LogConfig: Setting CVar [[r.SSS.Scale:1]]
[2022.11.09-13.57.41:113][  0]LogConfig: Setting CVar [[r.SSS.SampleSet:2]]
[2022.11.09-13.57.41:113][  0]LogConfig: Setting CVar [[r.SSS.Quality:1]]
[2022.11.09-13.57.41:113][  0]LogConfig: Setting CVar [[r.SSS.HalfRes:0]]
[2022.11.09-13.57.41:113][  0]LogConfig: Setting CVar [[r.SSGI.Quality:3]]
[2022.11.09-13.57.41:113][  0]LogConfig: Setting CVar [[r.EmitterSpawnRateScale:1.0]]
[2022.11.09-13.57.41:113][  0]LogConfig: Setting CVar [[r.ParticleLightQuality:2]]
[2022.11.09-13.57.41:113][  0]LogConfig: Setting CVar [[r.SkyAtmosphere.AerialPerspectiveLUT.FastApplyOnOpaque:1 ; Always have FastSkyLUT 1 in this case to avoid wrong sky]]
[2022.11.09-13.57.41:113][  0]LogConfig: Setting CVar [[r.SkyAtmosphere.AerialPerspectiveLUT.SampleCountMaxPerSlice:4]]
[2022.11.09-13.57.41:113][  0]LogConfig: Setting CVar [[r.SkyAtmosphere.AerialPerspectiveLUT.DepthResolution:16.0]]
[2022.11.09-13.57.41:113][  0]LogConfig: Setting CVar [[r.SkyAtmosphere.FastSkyLUT:1]]
[2022.11.09-13.57.41:114][  0]LogConfig: Setting CVar [[r.SkyAtmosphere.FastSkyLUT.SampleCountMin:4.0]]
[2022.11.09-13.57.41:114][  0]LogConfig: Setting CVar [[r.SkyAtmosphere.FastSkyLUT.SampleCountMax:128.0]]
[2022.11.09-13.57.41:114][  0]LogConfig: Setting CVar [[r.SkyAtmosphere.SampleCountMin:4.0]]
[2022.11.09-13.57.41:114][  0]LogConfig: Setting CVar [[r.SkyAtmosphere.SampleCountMax:128.0]]
[2022.11.09-13.57.41:114][  0]LogConfig: Setting CVar [[r.SkyAtmosphere.TransmittanceLUT.UseSmallFormat:0]]
[2022.11.09-13.57.41:114][  0]LogConfig: Setting CVar [[r.SkyAtmosphere.TransmittanceLUT.SampleCount:10.0]]
[2022.11.09-13.57.41:114][  0]LogConfig: Setting CVar [[r.SkyAtmosphere.MultiScatteringLUT.SampleCount:15.0]]
[2022.11.09-13.57.41:114][  0]LogConfig: Setting CVar [[r.SkyLight.RealTimeReflectionCapture:1]]
[2022.11.09-13.57.41:114][  0]LogConfig: Applying CVar settings from Section [FoliageQuality@3] File [C:/Users/Kate/Documents/Unreal Projects/bowling/Saved/Config/Windows/Scalability.ini]
[2022.11.09-13.57.41:114][  0]LogConfig: Setting CVar [[foliage.DensityScale:1.0]]
[2022.11.09-13.57.41:114][  0]LogConfig: Setting CVar [[grass.DensityScale:1.0]]
[2022.11.09-13.57.41:114][  0]LogConfig: Applying CVar settings from Section [ShadingQuality@3] File [C:/Users/Kate/Documents/Unreal Projects/bowling/Saved/Config/Windows/Scalability.ini]
[2022.11.09-13.57.41:114][  0]LogConfig: Setting CVar [[r.HairStrands.SkyLighting.IntegrationType:2]]
[2022.11.09-13.57.41:114][  0]LogConfig: Setting CVar [[r.HairStrands.SkyAO.SampleCount:4]]
[2022.11.09-13.57.41:114][  0]LogConfig: Setting CVar [[r.HairStrands.Visibility.MSAA.SamplePerPixel:4]]
[2022.11.09-13.57.41:114][  0]LogConfig: Applying CVar settings from Section [Startup] File [../../../Engine/Config/ConsoleVariables.ini]
[2022.11.09-13.57.41:114][  0]LogConfig: Setting CVar [[net.UseAdaptiveNetUpdateFrequency:0]]
[2022.11.09-13.57.41:114][  0]LogConfig: Setting CVar [[p.chaos.AllowCreatePhysxBodies:1]]
[2022.11.09-13.57.41:114][  0]LogConfig: Setting CVar [[fx.SkipVectorVMBackendOptimizations:1]]
[2022.11.09-13.57.41:114][  0]LogConfig: Applying CVar settings from Section [ConsoleVariables] File [C:/Users/Kate/Documents/Unreal Projects/bowling/Saved/Config/Windows/Engine.ini]
[2022.11.09-13.57.41:114][  0]LogConfig: Applying CVar settings from Section [ConsoleVariables] File [C:/Users/Kate/Documents/Unreal Projects/bowling/Saved/Config/Windows/Editor.ini]
[2022.11.09-13.57.41:114][  0]LogInit: Computer: IMAC
[2022.11.09-13.57.41:114][  0]LogInit: User: Kate
[2022.11.09-13.57.41:114][  0]LogInit: CPU Page size=4096, Cores=4
[2022.11.09-13.57.41:114][  0]LogInit: High frequency timer resolution =2.636767 MHz
[2022.11.09-13.57.41:114][  0]LogMemory: Memory total: Physical=10.2GB (11GB approx)
[2022.11.09-13.57.41:115][  0]LogMemory: Platform Memory Stats for Windows
[2022.11.09-13.57.41:115][  0]LogMemory: Process Physical Memory: 139.89 MB used, 139.89 MB peak
[2022.11.09-13.57.41:115][  0]LogMemory: Process Virtual Memory: 127.96 MB used, 127.96 MB peak
[2022.11.09-13.57.41:115][  0]LogMemory: Physical Memory: 6349.14 MB used,  4123.59 MB free, 10472.73 MB total
[2022.11.09-13.57.41:115][  0]LogMemory: Virtual Memory: 8380888.50 MB used,  7719.53 MB free, 8388608.00 MB total
[2022.11.09-13.57.41:142][  0]LogWindows: WindowsPlatformFeatures enabled
[2022.11.09-13.57.41:173][  0]LogInit: Physics initialised using underlying interface: PhysX
[2022.11.09-13.57.41:174][  0]LogInit: Using OS detected language (ru-RU).
[2022.11.09-13.57.41:174][  0]LogInit: Using OS detected locale (ru-RU).
[2022.11.09-13.57.41:182][  0]LogTextLocalizationManager: No specific localization for 'ru-RU' exists, so the 'ru' localization will be used.
[2022.11.09-13.57.41:183][  0]LogTextLocalizationResource: LocRes '../../../Engine/Content/Localization/Editor/ru/Editor.locres' could not be opened for reading!
[2022.11.09-13.57.41:183][  0]LogTextLocalizationResource: LocRes '../../../Engine/Content/Localization/EditorTutorials/ru/EditorTutorials.locres' could not be opened for reading!
[2022.11.09-13.57.41:183][  0]LogTextLocalizationResource: LocRes '../../../Engine/Content/Localization/Keywords/ru/Keywords.locres' could not be opened for reading!
[2022.11.09-13.57.41:183][  0]LogTextLocalizationResource: LocRes '../../../Engine/Content/Localization/Category/ru/Category.locres' could not be opened for reading!
[2022.11.09-13.57.41:183][  0]LogTextLocalizationResource: LocRes '../../../Engine/Content/Localization/ToolTips/ru/ToolTips.locres' could not be opened for reading!
[2022.11.09-13.57.41:184][  0]LogTextLocalizationResource: LocRes '../../../Engine/Content/Localization/PropertyNames/ru/PropertyNames.locres' could not be opened for reading!
[2022.11.09-13.57.41:184][  0]LogTextLocalizationResource: LocRes '../../../Engine/Content/Localization/Engine/ru/Engine.locres' could not be opened for reading!
[2022.11.09-13.57.41:185][  0]LogWindows: Failed to load 'shcore.dll' (GetLastError=126)
[2022.11.09-13.57.41:185][  0]LogWindows: File 'shcore.dll' does not exist
[2022.11.09-13.57.41:185][  0]LogInit: Setting process to DPI aware
[2022.11.09-13.57.41:332][  0]LogWindowsTextInputMethodSystem: Display: IME system deactivated.
[2022.11.09-13.57.41:357][  0]LogSlate: New Slate User Created.  User Index 0, Is Virtual User: 0
[2022.11.09-13.57.41:357][  0]LogSlate: Slate User Registered.  User Index 0, Is Virtual User: 0
[2022.11.09-13.57.41:528][  0]LogD3D11RHI: Loaded GFSDK_Aftermath_Lib.x64.dll
[2022.11.09-13.57.41:537][  0]LogHMD: Failed to initialize OpenVR with code 110
[2022.11.09-13.57.41:537][  0]LogD3D11RHI: D3D11 min allowed feature level: 11_0
[2022.11.09-13.57.41:537][  0]LogD3D11RHI: D3D11 max allowed feature level: 11_0
[2022.11.09-13.57.41:537][  0]LogD3D11RHI: D3D11 adapters:
[2022.11.09-13.57.41:551][  0]LogD3D11RHI:    0. 'AMD Radeon HD 6770M' (Feature Level 11_0)
[2022.11.09-13.57.41:551][  0]LogD3D11RHI:       495/0/4980 MB DedicatedVideo/DedicatedSystem/SharedSystem, Outputs:1, VendorId:0x1002
[2022.11.09-13.57.41:551][  0]LogD3D11RHI: Chosen D3D11 Adapter:
[2022.11.09-13.57.41:551][  0]LogD3D11RHI:     Description : AMD Radeon HD 6770M
[2022.11.09-13.57.41:551][  0]LogD3D11RHI:     VendorId    : 1002
[2022.11.09-13.57.41:551][  0]LogD3D11RHI:     DeviceId    : 6740
[2022.11.09-13.57.41:551][  0]LogD3D11RHI:     SubSysId    : 6740106b
[2022.11.09-13.57.41:551][  0]LogD3D11RHI:     Revision    : 0000
[2022.11.09-13.57.41:551][  0]LogD3D11RHI:     DedicatedVideoMemory : 519282688 bytes
[2022.11.09-13.57.41:551][  0]LogD3D11RHI:     DedicatedSystemMemory : 0 bytes
[2022.11.09-13.57.41:551][  0]LogD3D11RHI:     SharedSystemMemory : 5222293504 bytes
[2022.11.09-13.57.41:551][  0]LogD3D11RHI:     AdapterLuid : 0 37168
[2022.11.09-13.57.41:556][  0]LogD3D11RHI: Creating new Direct3DDevice
[2022.11.09-13.57.41:556][  0]LogD3D11RHI:     GPU DeviceId: 0x6740 (for the marketing name, search the web for "GPU Device Id")
[2022.11.09-13.57.41:556][  0]LogWindows: EnumDisplayDevices:
[2022.11.09-13.57.41:556][  0]LogWindows:    0. 'AMD Radeon HD 6770M' (P:1 D:1)
[2022.11.09-13.57.41:556][  0]LogWindows:    1. 'AMD Radeon HD 6770M' (P:0 D:0)
[2022.11.09-13.57.41:556][  0]LogWindows:    2. 'AMD Radeon HD 6770M' (P:0 D:0)
[2022.11.09-13.57.41:556][  0]LogWindows:    3. 'AMD Radeon HD 6770M' (P:0 D:0)
[2022.11.09-13.57.41:557][  0]LogWindows:    4. 'AMD Radeon HD 6770M' (P:0 D:0)
[2022.11.09-13.57.41:557][  0]LogWindows:    5. 'AMD Radeon HD 6770M' (P:0 D:0)
[2022.11.09-13.57.41:557][  0]LogWindows:    6. 'RDPDD Chained DD' (P:0 D:0)
[2022.11.09-13.57.41:557][  0]LogWindows:    7. 'RDP Encoder Mirror Driver' (P:0 D:0)
[2022.11.09-13.57.41:557][  0]LogWindows:    8. 'RDP Reflector Display Driver' (P:0 D:0)
[2022.11.09-13.57.41:557][  0]LogWindows: DebugString: PrimaryIsNotTheChoosenAdapter PrimaryIsNotTheChoosenAdapter PrimaryIsNotTheChoosenAdapter PrimaryIsNotTheChoosenAdapter PrimaryIsNotTheChoosenAdapter PrimaryIsNotTheChoosenAdapter GetVideoDriverDetailsInvalid PrimaryIsNotTheChoosenAdapter GetVideoDriverDetailsInvalid PrimaryIsNotTheChoosenAdapter GetVideoDriverDetailsInvalid PrimaryIsNotTheChoosenAdapter FoundDriverCount:0 
[2022.11.09-13.57.41:557][  0]LogD3D11RHI:     Adapter Name: AMD Radeon HD 6770M
[2022.11.09-13.57.41:557][  0]LogD3D11RHI:   Driver Version: Unknown (internal:Unknown, unified:Unknown)
[2022.11.09-13.57.41:557][  0]LogD3D11RHI:      Driver Date: Unknown
[2022.11.09-13.57.41:558][  0]LogRHI: Texture pool is 346 MB (70% of 495 MB)
[2022.11.09-13.57.41:558][  0]LogD3D11RHI: Creating D3DDevice using adapter:
[2022.11.09-13.57.41:558][  0]LogD3D11RHI:     Description : AMD Radeon HD 6770M
[2022.11.09-13.57.41:558][  0]LogD3D11RHI:     VendorId    : 1002
[2022.11.09-13.57.41:558][  0]LogD3D11RHI:     DeviceId    : 6740
[2022.11.09-13.57.41:558][  0]LogD3D11RHI:     SubSysId    : 6740106b
[2022.11.09-13.57.41:558][  0]LogD3D11RHI:     Revision    : 0000
[2022.11.09-13.57.41:558][  0]LogD3D11RHI:     DedicatedVideoMemory : 519282688 bytes
[2022.11.09-13.57.41:558][  0]LogD3D11RHI:     DedicatedSystemMemory : 0 bytes
[2022.11.09-13.57.41:558][  0]LogD3D11RHI:     SharedSystemMemory : 5222293504 bytes
[2022.11.09-13.57.41:558][  0]LogD3D11RHI:     AdapterLuid : 0 37168
[2022.11.09-13.57.41:567][  0]LogD3D11RHI: RHI does not have support for 64 bit atomics
[2022.11.09-13.57.41:568][  0]LogD3D11RHI: Async texture creation enabled
[2022.11.09-13.57.41:591][  0]LogD3D11RHI: GPU Timing Frequency: 27.000000 (Debug: 2 1)
[2022.11.09-13.57.42:676][  0]LogTargetPlatformManager: Display: Loaded TargetPlatform 'AllDesktop'
[2022.11.09-13.57.42:715][  0]LogTargetPlatformManager: Display: Loaded TargetPlatform 'Android'
[2022.11.09-13.57.42:715][  0]LogTargetPlatformManager: Display: Loaded TargetPlatform 'Android_ASTC'
[2022.11.09-13.57.42:715][  0]LogTargetPlatformManager: Display: Loaded TargetPlatform 'Android_DXT'
[2022.11.09-13.57.42:715][  0]LogTargetPlatformManager: Display: Loaded TargetPlatform 'Android_ETC2'
[2022.11.09-13.57.42:715][  0]LogTargetPlatformManager: Display: Loaded TargetPlatform 'AndroidClient'
[2022.11.09-13.57.42:715][  0]LogTargetPlatformManager: Display: Loaded TargetPlatform 'Android_ASTCClient'
[2022.11.09-13.57.42:715][  0]LogTargetPlatformManager: Display: Loaded TargetPlatform 'Android_DXTClient'
[2022.11.09-13.57.42:715][  0]LogTargetPlatformManager: Display: Loaded TargetPlatform 'Android_ETC2Client'
[2022.11.09-13.57.42:715][  0]LogTargetPlatformManager: Display: Loaded TargetPlatform 'Android_Multi'
[2022.11.09-13.57.42:715][  0]LogTargetPlatformManager: Display: Loaded TargetPlatform 'Android_MultiClient'
[2022.11.09-13.57.42:762][  0]LogTargetPlatformManager: Display: Loaded TargetPlatform 'IOSClient'
[2022.11.09-13.57.42:762][  0]LogTargetPlatformManager: Display: Loaded TargetPlatform 'IOS'
[2022.11.09-13.57.42:784][  0]LogTargetPlatformManager: Display: Loaded TargetPlatform 'Linux'
[2022.11.09-13.57.42:791][  0]LogTargetPlatformManager: Display: Loaded TargetPlatform 'LinuxNoEditor'
[2022.11.09-13.57.42:802][  0]LogTargetPlatformManager: Display: Loaded TargetPlatform 'LinuxClient'
[2022.11.09-13.57.42:810][  0]LogTargetPlatformManager: Display: Loaded TargetPlatform 'LinuxServer'
[2022.11.09-13.57.42:828][  0]LogTargetPlatformManager: Display: Loaded TargetPlatform 'LinuxAArch64NoEditor'
[2022.11.09-13.57.42:834][  0]LogTargetPlatformManager: Display: Loaded TargetPlatform 'LinuxAArch64Client'
[2022.11.09-13.57.42:844][  0]LogTargetPlatformManager: Display: Loaded TargetPlatform 'LinuxAArch64Server'
[2022.11.09-13.57.42:906][  0]LogTargetPlatformManager: Display: Loaded TargetPlatform 'Lumin'
[2022.11.09-13.57.42:906][  0]LogTargetPlatformManager: Display: Loaded TargetPlatform 'LuminClient'
[2022.11.09-13.57.42:920][  0]LogTargetPlatformManager: Display: Loaded TargetPlatform 'MacNoEditor'
[2022.11.09-13.57.42:926][  0]LogTargetPlatformManager: Display: Loaded TargetPlatform 'Mac'
[2022.11.09-13.57.42:937][  0]LogTargetPlatformManager: Display: Loaded TargetPlatform 'MacClient'
[2022.11.09-13.57.42:945][  0]LogTargetPlatformManager: Display: Loaded TargetPlatform 'MacServer'
[2022.11.09-13.57.42:959][  0]LogTargetPlatformManager: Display: Loaded TargetPlatform 'TVOSClient'
[2022.11.09-13.57.42:959][  0]LogTargetPlatformManager: Display: Loaded TargetPlatform 'TVOS'
[2022.11.09-13.57.42:973][  0]LogTargetPlatformManager: Display: Loaded TargetPlatform 'WindowsNoEditor'
[2022.11.09-13.57.42:979][  0]LogTargetPlatformManager: Display: Loaded TargetPlatform 'Windows'
[2022.11.09-13.57.42:985][  0]LogTargetPlatformManager: Display: Loaded TargetPlatform 'WindowsClient'
[2022.11.09-13.57.42:991][  0]LogTargetPlatformManager: Display: Loaded TargetPlatform 'WindowsServer'
[2022.11.09-13.57.42:992][  0]LogTargetPlatformManager: Display: Building Assets For Windows
[2022.11.09-13.57.43:002][  0]LogAudioDebug: Display: Lib vorbis DLL was dynamically loaded.
[2022.11.09-13.57.43:047][  0]LogTextureFormatOodle: Display: Oodle Texture 2.9.0 init RDO Off
[2022.11.09-13.57.43:089][  0]LogRendererCore: Ray tracing is disabled. Reason: r.RayTracing=0.
[2022.11.09-13.57.43:089][  0]LogShaderCompilers: Guid format shader working directory is -17 characters bigger than the processId version (../../../../../../Users/Kate/Documents/Unreal Projects/bowling/Intermediate/Shaders/WorkingDirectory/7376/).
[2022.11.09-13.57.43:089][  0]LogShaderCompilers: Cleaned the shader compiler working directory 'C:/Users/Kate/AppData/Local/Temp/UnrealShaderWorkingDir/9A108EE3472118C49EFF6AB5ABC78A96/'.
[2022.11.09-13.57.43:089][  0]LogXGEController: Cannot use XGE Controller as Incredibuild is not installed on this machine.
[2022.11.09-13.57.43:089][  0]LogShaderCompilers: Cannot use XGE Shader Compiler as Incredibuild is not installed on this machine.
[2022.11.09-13.57.43:089][  0]LogShaderCompilers: Display: Using Local Shader Compiler.
[2022.11.09-13.57.44:766][  0]LogDerivedDataCache: Display: Max Cache Size: 512 MB
[2022.11.09-13.57.44:914][  0]LogDerivedDataCache: Loaded boot cache 0.15s 96MB C:/Users/Kate/AppData/Local/UnrealEngine/4.27/DerivedDataCache/Boot.ddc.
[2022.11.09-13.57.44:914][  0]LogDerivedDataCache: Display: Loaded Boot cache: C:/Users/Kate/AppData/Local/UnrealEngine/4.27/DerivedDataCache/Boot.ddc
[2022.11.09-13.57.45:008][  0]LogDerivedDataCache: FDerivedDataBackendGraph:  Pak pak cache file ../../../../../../Users/Kate/Documents/Unreal Projects/bowling/DerivedDataCache/DDC.ddp not found, will not use a pak cache.
[2022.11.09-13.57.45:008][  0]LogDerivedDataCache: Unable to find inner node Pak for hierarchical cache Hierarchy.
[2022.11.09-13.57.45:008][  0]LogDerivedDataCache: FDerivedDataBackendGraph:  CompressedPak pak cache file ../../../../../../Users/Kate/Documents/Unreal Projects/bowling/DerivedDataCache/Compressed.ddp not found, will not use a pak cache.
[2022.11.09-13.57.45:008][  0]LogDerivedDataCache: Unable to find inner node CompressedPak for hierarchical cache Hierarchy.
[2022.11.09-13.57.45:075][  0]LogDerivedDataCache: Display: Pak cache opened for reading ../../../Engine/DerivedDataCache/Compressed.ddp.
[2022.11.09-13.57.45:076][  0]LogDerivedDataCache: FDerivedDataBackendGraph:  EnterprisePak pak cache file ../../../Enterprise/DerivedDataCache/Compressed.ddp not found, will not use a pak cache.
[2022.11.09-13.57.45:076][  0]LogDerivedDataCache: Unable to find inner node EnterprisePak for hierarchical cache Hierarchy.
[2022.11.09-13.57.45:098][  0]LogDerivedDataCache: Speed tests for C:/Users/Kate/AppData/Local/UnrealEngine/Common/DerivedDataCache took 0.02 seconds
[2022.11.09-13.57.45:098][  0]LogDerivedDataCache: Display: Performance to C:/Users/Kate/AppData/Local/UnrealEngine/Common/DerivedDataCache: Latency=0.17ms. RandomReadSpeed=194.86MBs, RandomWriteSpeed=62.80MBs. Assigned SpeedClass 'Local'
[2022.11.09-13.57.45:104][  0]LogDerivedDataCache: Using Local data cache path C:/Users/Kate/AppData/Local/UnrealEngine/Common/DerivedDataCache: Writable
[2022.11.09-13.57.45:104][  0]LogDerivedDataCache: Shared data cache path not found in *engine.ini, will not use an Shared cache.
[2022.11.09-13.57.45:104][  0]LogDerivedDataCache: Unable to find inner node Shared for hierarchical cache Hierarchy.
[2022.11.09-13.57.45:214][  0]LogSlate: Using FreeType 2.10.0
[2022.11.09-13.57.45:214][  0]LogSlate: SlateFontServices - WITH_FREETYPE: 1, WITH_HARFBUZZ: 1
[2022.11.09-13.57.45:303][  0]LogAssetRegistry: FAssetRegistry took 0.0396 seconds to start up
[2022.11.09-13.57.45:815][  0]LogInit: Selected Device Profile: [Windows]
[2022.11.09-13.57.45:815][  0]LogInit: Active device profile: [000000002C55C700][0000000022D41780 49] Windows
[2022.11.09-13.57.45:815][  0]LogInit: Profiles: [000000002C55C700][0000000022D41780 49] Windows, [000000002C52B700][0000000022D49900 49] WindowsNoEditor, [000000002C55F300][0000000022D4DA80 49] WindowsServer, [000000002C528F00][0000000022D51C00 49] WindowsClient, [000000002C55F500][0000000022D54200 49] IOS, [000000002C51BF00][0000000022D58380 49] iPadAir, [000000002C52BB00][0000000022D5C500 49] iPadAir2, [000000002C4C8500][0000000022D647C0 49] IPadPro, [000000002C4C8600][0000000022D60800 49] iPadAir3, [000000002C518100][0000000022D68980 49] iPadAir4, [000000002C4CAC00][0000000022D6CB00 49] iPadMini2, [000000002C51A500][00000000232A0C80 49] iPadMini3, [000000002C4CB400][00000000232A4E00 49] iPadMini4, [000000002C518F00][0000000022D44F40 49] iPadMini5, [000000002C4B7E00][00000000232AD180 49] iPhone6, [000000002C4B7F00][00000000232A91C0 49] iPodTouch6, [000000002C55F900][00000000232B9440 49] iPhone7, [000000002C55E100][00000000232B1480 49] iPodTouch7, [000000002C4B4400][00000000232BD600 49] iPhone5S, [000000002C4CBD00][00000000232C1780 49] iPhone6Plus, [000000002C55F400][00000000232C5900 49] iPhone6S, [000000002C4CA000][00000000232C9A80 49] iPhone6SPlus, [000000002C55C900][00000000232CDC00 49] iPhone7Plus, [000000002C4C8E00][00000000232D0200 49] iPhoneSE, [000000002C55C200][00000000232D4380 49] iPhone8, [000000002C4CA400][00000000232D8500 49] iPhone8Plus, [000000002C55DE00][00000000232DC680 49] iPhoneX, [000000002C4CBE00][000000002BA38800 49] iPhoneXS, [000000002C55D600][000000002BA3C980 49] iPhoneXSMax, [000000002C4CA500][000000002BA40B00 49] iPhoneXR, [000000002C55EA00][000000002BA44C80 49] iPhone11, [000000002C4CBA00][000000002BA48E00 49] iPhone11Pro, [000000002C55CF00][000000002BA4CF80 49] iPhone11ProMax, [000000002C4CA300][000000002BA51100 49] iPhoneSE2, [000000002C55E700][00000000232B5240 49] iPhone12Mini, [000000002C4C8700][000000002BA55380 49] iPhone12, [000000002C55F100][000000002BA594C0 49] iPhone12Pro, [000000002C4CB500][000000002BA61640 49] iPhone12ProMax, [000000002C55C800][000000002BA657C0 49] iPadPro105, [000000002C4C9C00][000000002BA69940 49] iPadPro129, [000000002C55C300][000000002BA6DAC0 49] iPadPro97, [000000002C4C9D00][000000002BA700C0 49] iPadPro2_129, [000000002C55CC00][000000002BA74240 49] iPad5, [000000002C4CB000][000000002BA783C0 49] iPad6, [000000002C55EC00][000000002BA7C540 49] iPad7, [000000002C4CAE00][000000002BA806C0 49] iPad8, [000000002C55D800][000000002BA84840 49] iPadPro11, [000000002C4C9B00][000000002BA889C0 49] iPadPro2_11, [000000002C55D500][000000002BA8CB40 49] iPadPro3_129, [000000002C4CA700][000000002BA90CC0 49] iPadPro4_129, [000000002C55C100][000000002BA94E40 49] AppleTV, [000000002C4CAB00][000000002BA98FC0 49] AppleTV4K, [000000002C55DB00][000000002BA9D140 49] TVOS, [000000002C4C8900][000000002BAA12C0 49] Mac, [000000002C55D700][000000002BA5D400 49] MacClient, [000000002C4CAF00][000000002BAA5540 49] MacNoEditor, [000000002C55CD00][000000002BAA9680 49] MacServer, [000000002C4C8300][000000002BAAD7C0 49] Linux, [000000002C55EE00][000000002BAB5940 49] LinuxAArch64, [000000002C4C9500][000000002BAB9AC0 49] LinuxNoEditor, [000000002C55E400][000000002BABC0C0 49] LinuxAArch64NoEditor, [000000002C4C8200][000000002BAC0240 49] LinuxClient, [000000002C55ED00][000000002BAC43C0 49] LinuxAArch64Client, [000000002C4C8C00][000000002BAC8540 49] LinuxServer, [000000002C55C400][000000002BACC6C0 49] LinuxAArch64Server, [000000002C4C9000][000000002BAD0840 49] Android, [000000002C51B900][000000002BAD49C0 49] Android_Low, [000000002C4B5B00][000000002BAD8B40 49] Android_Mid, [000000002C51B000][000000002BADCCC0 49] Android_High, [000000002C4B6300][000000002CFF0E40 49] Android_Default, [000000002C51A000][000000002CFF4FC0 49] Android_Adreno4xx, [000000002C4B4100][000000002CFF9140 49] Android_Adreno5xx_Low, [000000002C518B00][000000002CFFD2C0 49] Android_Adreno5xx, [000000002C4B5800][000000002D001440 49] Android_Adreno6xx, [000000002C519100][000000002BAB1580 49] Android_Adreno6xx_Vulkan, [000000002C4B4800][000000002D0056C0 49] Android_Mali_T6xx, [000000002C51B600][000000002D009800 49] Android_Mali_T7xx, [000000002C4B4D00][000000002D00D940 49] Android_Mali_T8xx, [000000002C51BC00][000000002D015AC0 49] Android_Mali_G71, [000000002C4B5500][000000002D1120C0 49] Android_Mali_G72, [000000002C51BE00][000000002D116240 49] Android_Mali_G72_Vulkan, [000000002C4B7D00][000000002D11A3C0 49] Android_Mali_G76, [000000002C51BA00][000000002D11E540 49] Android_Mali_G76_Vulkan, [000000002C4B7600][000000002D1226C0 49] Android_Mali_G77, [000000002C51A200][000000002D126840 49] Android_Mali_G77_Vulkan, [000000002C4B5200][000000002D12A9C0 49] Android_Mali_G78, [000000002C518A00][000000002D12EB40 49] Android_Mali_G78_Vulkan, [000000002C4B7000][000000002D132CC0 49] Android_Mali_G710, [000000002C519400][000000002D136E40 49] Android_Mali_G710_Vulkan, [000000002C4B4700][000000002D13EFC0 49] Android_Vulkan_SM5, [000000002C519800][000000002D143140 49] Android_PowerVR_G6xxx, [000000002C4B4E00][000000002D1472C0 49] Android_PowerVR_GT7xxx, [000000002C518200][000000002D14B440 49] Android_PowerVR_GE8xxx, [000000002C4B4600][000000002D14F5C0 49] Android_PowerVR_GM9xxx, [000000002C51A600][000000002D15B740 49] Android_PowerVR_GM9xxx_Vulkan, [000000002C4C8F00][000000002D011880 49] Android_TegraK1, [000000002C51AA00][000000002D1679C0 49] Android_Unknown_Vulkan, [000000002C4C8D00][000000002D177B00 49] Lumin, [000000002C519200][000000002D19A100 49] Lumin_Desktop, [000000002C4C8B00][000000002D1CA280 49] HoloLens, 
[2022.11.09-13.57.46:160][  0]LogMeshReduction: Using QuadricMeshReduction for automatic static mesh reduction
[2022.11.09-13.57.46:160][  0]LogMeshReduction: Using SimplygonMeshReduction for automatic skeletal mesh reduction
[2022.11.09-13.57.46:160][  0]LogMeshReduction: Using ProxyLODMeshReduction for automatic mesh merging
[2022.11.09-13.57.46:160][  0]LogMeshReduction: No distributed automatic mesh merging module available
[2022.11.09-13.57.46:160][  0]LogMeshMerging: No distributed automatic mesh merging module available
[2022.11.09-13.57.46:195][  0]LogNetVersion: bowling 1.0.0, NetCL: 17155196, EngineNetVer: 17, GameNetVer: 0 (Checksum: 3269451236)
[2022.11.09-13.57.47:401][  0]LogTexture: Default maximum texture size for cubemaps generated from long-lat sources has been changed from 512 to unlimited. In order to preserve old behaiour for '/Engine/MapTemplates/Sky/DaylightAmbientCubemap.DaylightAmbientCubemap', its maximum texture size has been explicitly set to 512.
[2022.11.09-13.57.47:536][  0]LogHMD: PokeAHoleMaterial loaded successfully
[2022.11.09-13.57.47:545][  0]LogUObjectArray: 17178 objects as part of root set at end of initial load.
[2022.11.09-13.57.47:545][  0]LogUObjectAllocator: 4302048 out of 0 bytes used by permanent object pool.
[2022.11.09-13.57.47:545][  0]LogUObjectArray: CloseDisregardForGC: 0/0 objects in disregard for GC pool
[2022.11.09-13.57.48:248][  0]LogNiagaraDebuggerClient: Niagara Debugger Client Initialized | Session: FEBC611E4EBBD0BAB3A1C3A22500EC43 | Instance: C4CC23E646420E20F3BD389482834FA1 (IMAC-7376).
[2022.11.09-13.57.48:449][  0]LogPython: Using Python 3.7.7
[2022.11.09-13.57.49:912][  0]LogTcpMessaging: Initializing TcpMessaging bridge
[2022.11.09-13.57.49:927][  0]LogUdpMessaging: Initializing bridge on interface 0.0.0.0:0 to multicast group 230.0.0.1:6666.
[2022.11.09-13.57.50:273][  0]SourceControl: Source control is disabled
[2022.11.09-13.57.50:273][  0]SourceControl: Source control is disabled
[2022.11.09-13.57.50:282][  0]SourceControl: Source control is disabled
[2022.11.09-13.57.50:287][  0]SourceControl: Source control is disabled
[2022.11.09-13.57.50:314][  0]SourceControl: Source control is disabled
[2022.11.09-13.57.50:327][  0]LogUProjectInfo: Found projects:
[2022.11.09-13.57.50:369][  0]LogVSAccessor: Display: Unable to create Visual Studio setup instance: 80040154
[2022.11.09-13.57.50:371][  0]LogVSAccessor: Display: Unable to create Visual Studio setup instance: 80040154
[2022.11.09-13.57.50:372][  0]LogVSAccessor: Display: Unable to create Visual Studio setup instance: 80040154
[2022.11.09-13.57.50:765][  0]LogOpenImageDenoise: OIDN starting up
[2022.11.09-13.57.50:810][  0]LogAndroidPermission: UAndroidPermissionCallbackProxy::GetInstance
[2022.11.09-13.57.50:846][  0]LogAudioCaptureCore: Display: No Audio Capture implementations found. Audio input will be silent.
[2022.11.09-13.57.50:846][  0]LogAudioCaptureCore: Display: No Audio Capture implementations found. Audio input will be silent.
[2022.11.09-13.57.51:105][  0]LogCollectionManager: Loaded 0 collections in 0.001555 seconds
[2022.11.09-13.57.51:143][  0]LogFileCache: Scanning file cache for directory 'C:/Users/Kate/Documents/Unreal Projects/bowling/Saved/Collections/' took 0.01s
[2022.11.09-13.57.51:143][  0]LogFileCache: Scanning file cache for directory 'C:/Users/Kate/Documents/Unreal Projects/bowling/Content/Developers/Kate/Collections/' took 0.00s
[2022.11.09-13.57.51:143][  0]LogFileCache: Scanning file cache for directory 'C:/Users/Kate/Documents/Unreal Projects/bowling/Content/Collections/' took 0.00s
[2022.11.09-13.57.51:143][  0]LogOcInput: OculusInput pre-init called
[2022.11.09-13.57.51:845][  0]LogEngine: Initializing Engine...
[2022.11.09-13.57.52:309][  0]LogHMD: Failed to enumerate extensions. Please check that you have a valid OpenXR runtime installed.
[2022.11.09-13.57.52:320][  0]LogHMD: Failed to initialize OpenVR with code 110
[2022.11.09-13.57.52:338][  0]LogMagicLeap: Warning: VR disabled because ZI is not enabled.  To enable, in the editor, Edit -> Project Settings -> Plugins -> Magic Leap Plugin -> Enable Zero Iteration
[2022.11.09-13.57.52:340][  0]LogStats: UGameplayTagsManager::InitializeManager -  0.000 s
[2022.11.09-13.57.52:638][  0]LogInit: Initializing FReadOnlyCVARCache
[2022.11.09-13.57.52:660][  0]LogAIModule: Creating AISystem for world Untitled
[2022.11.09-13.57.52:661][  0]LogAudio: Display: Initializing Audio Device Manager...
[2022.11.09-13.57.52:665][  0]LogAudio: Display: Loading Default Audio Settings Objects...
[2022.11.09-13.57.52:665][  0]LogAudio: Display: No default SoundConcurrencyObject specified (or failed to load).
[2022.11.09-13.57.52:666][  0]LogAudio: Display: Audio Device Manager Initialized
[2022.11.09-13.57.52:666][  0]LogAudio: Display: Creating Audio Device:                 Id: 1, Scope: Shared, Realtime: True
[2022.11.09-13.57.52:666][  0]LogAudioMixer: Display: Audio Mixer Platform Settings:
[2022.11.09-13.57.52:666][  0]LogAudioMixer: Display: 	Sample Rate:						  48000
[2022.11.09-13.57.52:666][  0]LogAudioMixer: Display: 	Callback Buffer Frame Size Requested: 1024
[2022.11.09-13.57.52:666][  0]LogAudioMixer: Display: 	Callback Buffer Frame Size To Use:	  1024
[2022.11.09-13.57.52:666][  0]LogAudioMixer: Display: 	Number of buffers to queue:			  2
[2022.11.09-13.57.52:666][  0]LogAudioMixer: Display: 	Max Channels (voices):				  32
[2022.11.09-13.57.52:666][  0]LogAudioMixer: Display: 	Number of Async Source Workers:		  0
[2022.11.09-13.57.52:666][  0]LogAudio: Display: AudioDevice MaxSources: 32
[2022.11.09-13.57.52:667][  0]LogAudio: Display: Audio Spatialization Plugin: None (built-in).
[2022.11.09-13.57.52:667][  0]LogAudio: Display: Audio Reverb Plugin: None (built-in).
[2022.11.09-13.57.52:667][  0]LogAudio: Display: Audio Occlusion Plugin: None (built-in).
[2022.11.09-13.57.52:667][  0]LogAudioMixer: Display: Initializing audio mixer.
[2022.11.09-13.57.52:765][  0]LogAudioMixer: Display: 0: FrontLeft
[2022.11.09-13.57.52:765][  0]LogAudioMixer: Display: 1: FrontRight
[2022.11.09-13.57.52:837][  0]LogAudioMixer: Display: Using Audio Device Динамики (USB Audio Device)
[2022.11.09-13.57.52:843][  0]LogAudioMixer: Display: Initializing Sound Submixes...
[2022.11.09-13.57.52:848][  0]LogAudioMixer: Display: Creating Master Submix 'MasterSubmixDefault'
[2022.11.09-13.57.52:848][  0]LogAudioMixer: Display: Creating Master Submix 'MasterReverbSubmixDefault'
[2022.11.09-13.57.52:849][  0]LogAudioMixer: Display: Creating Master Submix 'MasterEQSubmixDefault'
[2022.11.09-13.57.52:850][  0]LogAudioMixer: FMixerPlatformXAudio2::StartAudioStream() called
[2022.11.09-13.57.52:850][  0]LogAudioMixer: Display: Output buffers initialized: Frames=1024, Channels=2, Samples=2048
[2022.11.09-13.57.52:854][  0]LogAudioMixer: Display: Starting AudioMixerPlatformInterface::RunInternal()
[2022.11.09-13.57.52:854][  0]LogAudioMixer: Display: FMixerPlatformXAudio2::SubmitBuffer() called for the first time
[2022.11.09-13.57.52:854][  0]LogInit: FAudioDevice initialized.
[2022.11.09-13.57.52:855][  0]LogAudio: Display: Audio Device (ID: 1) registered with world 'Untitled'.
[2022.11.09-13.57.52:855][  0]LogNetVersion: Set ProjectVersion to 1.0.0.0. Version Checksum will be recalculated on next use.
[2022.11.09-13.57.54:510][  0]LogDerivedDataCache: Saved boot cache 1.65s 96MB C:/Users/Kate/AppData/Local/UnrealEngine/4.27/DerivedDataCache/Boot.ddc.
[2022.11.09-13.57.54:511][  0]LogInit: Texture streaming: Enabled
[2022.11.09-13.57.54:534][  0]LogAnalytics: Display: [UEEditor.Rocket.Release] APIServer = https://datarouter.ol.epicgames.com/. AppVersion = 4.27.2-18319896+++UE4+Release-4.27
[2022.11.09-13.57.54:538][  0]LogEngineSessionManager: EngineSessionManager initialized
[2022.11.09-13.57.54:538][  0]LogEditorSessionSummary: Verbose: Initializing EditorSessionSummaryWriter for editor session tracking
[2022.11.09-13.57.55:365][  0]LogEditorSessionSummary: EditorSessionSummaryWriter initialized
[2022.11.09-13.57.55:423][  0]LogInit: Transaction tracking system initialized
[2022.11.09-13.57.55:454][  0]BlueprintLog: New page: Editor Load
[2022.11.09-13.57.55:628][  0]LocalizationService: Localization service is disabled
[2022.11.09-13.57.55:683][  0]TimingProfiler: Initialize
[2022.11.09-13.57.55:683][  0]TimingProfiler: OnSessionChanged
[2022.11.09-13.57.55:683][  0]LoadingProfiler: Initialize
[2022.11.09-13.57.55:683][  0]LoadingProfiler: OnSessionChanged
[2022.11.09-13.57.55:683][  0]NetworkingProfiler: Initialize
[2022.11.09-13.57.55:683][  0]NetworkingProfiler: OnSessionChanged
[2022.11.09-13.57.55:683][  0]MemoryProfiler: Initialize
[2022.11.09-13.57.55:683][  0]MemoryProfiler: OnSessionChanged
[2022.11.09-13.57.55:782][  0]LogVSAccessor: Display: Unable to create Visual Studio setup instance: 80040154
[2022.11.09-13.57.55:784][  0]LogVSAccessor: Display: Unable to create Visual Studio setup instance: 80040154
[2022.11.09-13.57.55:785][  0]LogVSAccessor: Display: Unable to create Visual Studio setup instance: 80040154
[2022.11.09-13.57.56:255][  0]LogCook: Display: CookSettings for Memory: MemoryMaxUsedVirtual 0MiB, MemoryMaxUsedPhysical 16384MiB, MemoryMinFreeVirtual 0MiB, MemoryMinFreePhysical 1024MiB
[2022.11.09-13.57.56:255][  0]LogCook: Display: Mobile HDR setting 1
[2022.11.09-13.57.56:264][  0]LogFileCache: Scanning file cache for directory 'C:/Users/Kate/Documents/Unreal Projects/bowling/Content/' took 0.00s
[2022.11.09-13.57.56:264][  0]LogLinker: Warning: Failed to load '/Engine/BasicShapes/Cube': Can't find file.
[2022.11.09-13.57.56:264][  0]LogLinker: Warning: Failed to load '/Engine/BasicShapes/Cube': Can't find file.
[2022.11.09-13.57.56:264][  0]LogUObjectGlobals: Warning: Failed to find object 'StaticMesh /Engine/BasicShapes/Cube.Cube'
[2022.11.09-13.57.57:151][  0]LogInit: Display: Engine is initialized. Leaving FEngineLoop::Init()
[2022.11.09-13.57.57:156][  0]SourceControl: Source control is disabled
[2022.11.09-13.57.58:051][  0]LogSlate: Took 0.000171 seconds to synchronously load lazily loaded font '../../../Engine/Content/Slate/Fonts/Roboto-Regular.ttf' (155K)
[2022.11.09-13.58.18:318][  0]LogSlate: Window 'Restore Packages' being destroyed
[2022.11.09-13.58.18:384][  0]LogWindowsTextInputMethodSystem: Display: IME system deactivated.
[2022.11.09-13.58.18:384][  0]LogWindowsTextInputMethodSystem: Display: IME system deactivated.
[2022.11.09-13.58.23:687][  0]LogSlate: Window 'Unable to Check Out From Source Control!' being destroyed
[2022.11.09-13.58.23:701][  0]Message dialog closed, result: Ok, title: Unable to Check Out From Source Control!, text: The following assets could not be successfully checked out from source control:
/Game/Bowling/Blueprints/Corridor_BP
/Game/Bowling/Blueprints/BowlingBall_BP
/Game/Bowling/Levels/bowling
/Game/Bowling/Blueprints/Obstacle_BP
/Game/Bowling/Blueprints/MyPlayer_BP
[2022.11.09-13.58.24:340][  0]LogWindowsTextInputMethodSystem: Display: IME system deactivated.
[2022.11.09-13.58.24:340][  0]LogWindowsTextInputMethodSystem: Display: IME system deactivated.
[2022.11.09-13.58.24:344][  0]LogUnrealEdMisc: Loading editor; pre map load, took 46.387
[2022.11.09-13.58.24:345][  0]Cmd: MAP LOAD FILE="../../../../../../Users/Kate/Documents/Unreal Projects/bowling/Content/Bowling/Levels/bowling.umap" TEMPLATE=0 SHOWPROGRESS=1 FEATURELEVEL=3
[2022.11.09-13.58.24:346][  0]LightingResults: New page: Lighting Build
[2022.11.09-13.58.24:351][  0]LogWorld: UWorld::CleanupWorld for Untitled, bSessionEnded=true, bCleanupResources=true
[2022.11.09-13.58.24:351][  0]LogSlate: InvalidateAllWidgets triggered.  All widgets were invalidated
[2022.11.09-13.58.24:351][  0]MapCheck: New page: Map Check
[2022.11.09-13.58.24:351][  0]LightingResults: New page: Lighting Build
[2022.11.09-13.58.24:366][  0]LogAudio: Display: Audio Device unregistered from world 'None'.
[2022.11.09-13.58.24:371][  0]LogUObjectHash: Compacting FUObjectHashTables data took   1.36ms
[2022.11.09-13.58.26:857][  0]LogAudio: Display: Audio Device (ID: 1) registered with world 'bowling'.
[2022.11.09-13.58.26:859][  0]LogAIModule: Creating AISystem for world bowling
[2022.11.09-13.58.26:904][  0]LogEditorServer: Finished looking for orphan Actors (0.000 secs)
[2022.11.09-13.58.26:921][  0]LogUObjectHash: Compacting FUObjectHashTables data took   1.88ms
[2022.11.09-13.58.26:922][  0]Cmd: MAP CHECKDEP NOCLEARLOG
[2022.11.09-13.58.26:923][  0]MapCheck: Map check complete: 0 Error(s), 0 Warning(s), took 0,159ms to complete.
[2022.11.09-13.58.26:923][  0]LogFileHelpers: Loading map 'bowling' took 2.578
[2022.11.09-13.58.26:927][  0]LogUnrealEdMisc: Total Editor Startup Time, took 48.971
[2022.11.09-13.58.27:599][  0]LogSlate: Updating window title bar state: overlay mode, drag disabled, window buttons hidden, title bar hidden
[2022.11.09-13.58.27:626][  0]LogSlate: Updating window title bar state: overlay mode, drag disabled, window buttons hidden, title bar hidden
[2022.11.09-13.58.27:639][  0]LogSlate: Updating window title bar state: overlay mode, drag disabled, window buttons hidden, title bar hidden
[2022.11.09-13.58.27:652][  0]LogSlate: Updating window title bar state: overlay mode, drag disabled, window buttons hidden, title bar hidden
[2022.11.09-13.58.27:889][  0]LogNativeClassHierarchy: Verbose: Native class hierarchy populated in 0.0262 seconds. Added 3822 classes and 928 folders.
[2022.11.09-13.58.27:944][  0]LogNativeClassHierarchy: Verbose: Native class hierarchy updated for 'WidgetCarousel' in 0.0004 seconds. Added 0 classes and 0 folders.
[2022.11.09-13.58.28:279][  0]LogPakFile: PakFile PrimaryIndexSize=187
[2022.11.09-13.58.28:279][  0]LogPakFile: PakFile PathHashIndexSize=101
[2022.11.09-13.58.28:279][  0]LogPakFile: PakFile FullDirectoryIndexSize=148
[2022.11.09-13.58.28:303][  0]LogShaderLibrary: Display: ShaderCodeLibraryPakFileMountedCallback: PakFile 'C:/Program Files/Epic Games/UE_4.27/FeaturePacks/FP_FirstPerson.upack' (chunk index -1, root 'root:/') mounted
[2022.11.09-13.58.28:303][  0]LogShaderLibrary: Display: ShaderCodeLibraryPakFileMountedCallback: pending pak file info (ChunkID:-1 Root:root:/ File:C:/Program Files/Epic Games/UE_4.27/FeaturePacks/FP_FirstPerson.upack)
[2022.11.09-13.58.28:303][  0]LogPakFile: OnPakFileMounted2Time == 0.023862
[2022.11.09-13.58.28:321][  0]LogPakFile: PakFile PrimaryIndexSize=189
[2022.11.09-13.58.28:321][  0]LogPakFile: PakFile PathHashIndexSize=101
[2022.11.09-13.58.28:321][  0]LogPakFile: PakFile FullDirectoryIndexSize=152
[2022.11.09-13.58.28:321][  0]LogShaderLibrary: Display: ShaderCodeLibraryPakFileMountedCallback: PakFile 'C:/Program Files/Epic Games/UE_4.27/FeaturePacks/FP_FirstPersonBP.upack' (chunk index -1, root 'root:/') mounted
[2022.11.09-13.58.28:321][  0]LogShaderLibrary: Display: ShaderCodeLibraryPakFileMountedCallback: pending pak file info (ChunkID:-1 Root:root:/ File:C:/Program Files/Epic Games/UE_4.27/FeaturePacks/FP_FirstPersonBP.upack)
[2022.11.09-13.58.28:321][  0]LogPakFile: OnPakFileMounted2Time == 0.000090
[2022.11.09-13.58.28:367][  0]LogPakFile: PakFile PrimaryIndexSize=191
[2022.11.09-13.58.28:367][  0]LogPakFile: PakFile PathHashIndexSize=101
[2022.11.09-13.58.28:367][  0]LogPakFile: PakFile FullDirectoryIndexSize=160
[2022.11.09-13.58.28:368][  0]LogShaderLibrary: Display: ShaderCodeLibraryPakFileMountedCallback: PakFile 'C:/Program Files/Epic Games/UE_4.27/FeaturePacks/MobileStarterContent.upack' (chunk index -1, root 'root:/') mounted
[2022.11.09-13.58.28:368][  0]LogShaderLibrary: Display: ShaderCodeLibraryPakFileMountedCallback: pending pak file info (ChunkID:-1 Root:root:/ File:C:/Program Files/Epic Games/UE_4.27/FeaturePacks/MobileStarterContent.upack)
[2022.11.09-13.58.28:368][  0]LogPakFile: OnPakFileMounted2Time == 0.000101
[2022.11.09-13.58.28:446][  0]LogPakFile: PakFile PrimaryIndexSize=185
[2022.11.09-13.58.28:446][  0]LogPakFile: PakFile PathHashIndexSize=101
[2022.11.09-13.58.28:446][  0]LogPakFile: PakFile FullDirectoryIndexSize=148
[2022.11.09-13.58.28:446][  0]LogShaderLibrary: Display: ShaderCodeLibraryPakFileMountedCallback: PakFile 'C:/Program Files/Epic Games/UE_4.27/FeaturePacks/StarterContent.upack' (chunk index -1, root 'root:/') mounted
[2022.11.09-13.58.28:446][  0]LogShaderLibrary: Display: ShaderCodeLibraryPakFileMountedCallback: pending pak file info (ChunkID:-1 Root:root:/ File:C:/Program Files/Epic Games/UE_4.27/FeaturePacks/StarterContent.upack)
[2022.11.09-13.58.28:446][  0]LogPakFile: OnPakFileMounted2Time == 0.000093
[2022.11.09-13.58.28:459][  0]LogPakFile: PakFile PrimaryIndexSize=190
[2022.11.09-13.58.28:459][  0]LogPakFile: PakFile PathHashIndexSize=101
[2022.11.09-13.58.28:459][  0]LogPakFile: PakFile FullDirectoryIndexSize=154
[2022.11.09-13.58.28:459][  0]LogShaderLibrary: Display: ShaderCodeLibraryPakFileMountedCallback: PakFile 'C:/Program Files/Epic Games/UE_4.27/FeaturePacks/TP_2DSideScroller.upack' (chunk index -1, root 'root:/') mounted
[2022.11.09-13.58.28:459][  0]LogShaderLibrary: Display: ShaderCodeLibraryPakFileMountedCallback: pending pak file info (ChunkID:-1 Root:root:/ File:C:/Program Files/Epic Games/UE_4.27/FeaturePacks/TP_2DSideScroller.upack)
[2022.11.09-13.58.28:459][  0]LogPakFile: OnPakFileMounted2Time == 0.000093
[2022.11.09-13.58.28:479][  0]LogPakFile: PakFile PrimaryIndexSize=192
[2022.11.09-13.58.28:479][  0]LogPakFile: PakFile PathHashIndexSize=101
[2022.11.09-13.58.28:479][  0]LogPakFile: PakFile FullDirectoryIndexSize=158
[2022.11.09-13.58.28:479][  0]LogShaderLibrary: Display: ShaderCodeLibraryPakFileMountedCallback: PakFile 'C:/Program Files/Epic Games/UE_4.27/FeaturePacks/TP_2DSideScrollerBP.upack' (chunk index -1, root 'root:/') mounted
[2022.11.09-13.58.28:479][  0]LogShaderLibrary: Display: ShaderCodeLibraryPakFileMountedCallback: pending pak file info (ChunkID:-1 Root:root:/ File:C:/Program Files/Epic Games/UE_4.27/FeaturePacks/TP_2DSideScrollerBP.upack)
[2022.11.09-13.58.28:479][  0]LogPakFile: OnPakFileMounted2Time == 0.000086
[2022.11.09-13.58.28:504][  0]LogPakFile: PakFile PrimaryIndexSize=182
[2022.11.09-13.58.28:504][  0]LogPakFile: PakFile PathHashIndexSize=101
[2022.11.09-13.58.28:504][  0]LogPakFile: PakFile FullDirectoryIndexSize=138
[2022.11.09-13.58.28:504][  0]LogShaderLibrary: Display: ShaderCodeLibraryPakFileMountedCallback: PakFile 'C:/Program Files/Epic Games/UE_4.27/FeaturePacks/TP_Flying.upack' (chunk index -1, root 'root:/') mounted
[2022.11.09-13.58.28:504][  0]LogShaderLibrary: Display: ShaderCodeLibraryPakFileMountedCallback: pending pak file info (ChunkID:-1 Root:root:/ File:C:/Program Files/Epic Games/UE_4.27/FeaturePacks/TP_Flying.upack)
[2022.11.09-13.58.28:504][  0]LogPakFile: OnPakFileMounted2Time == 0.000092
[2022.11.09-13.58.28:527][  0]LogPakFile: PakFile PrimaryIndexSize=184
[2022.11.09-13.58.28:527][  0]LogPakFile: PakFile PathHashIndexSize=101
[2022.11.09-13.58.28:527][  0]LogPakFile: PakFile FullDirectoryIndexSize=142
[2022.11.09-13.58.28:527][  0]LogShaderLibrary: Display: ShaderCodeLibraryPakFileMountedCallback: PakFile 'C:/Program Files/Epic Games/UE_4.27/FeaturePacks/TP_FlyingBP.upack' (chunk index -1, root 'root:/') mounted
[2022.11.09-13.58.28:527][  0]LogShaderLibrary: Display: ShaderCodeLibraryPakFileMountedCallback: pending pak file info (ChunkID:-1 Root:root:/ File:C:/Program Files/Epic Games/UE_4.27/FeaturePacks/TP_FlyingBP.upack)
[2022.11.09-13.58.28:527][  0]LogPakFile: OnPakFileMounted2Time == 0.000085
[2022.11.09-13.58.28:584][  0]LogPakFile: PakFile PrimaryIndexSize=188
[2022.11.09-13.58.28:584][  0]LogPakFile: PakFile PathHashIndexSize=101
[2022.11.09-13.58.28:584][  0]LogPakFile: PakFile FullDirectoryIndexSize=150
[2022.11.09-13.58.28:584][  0]LogShaderLibrary: Display: ShaderCodeLibraryPakFileMountedCallback: PakFile 'C:/Program Files/Epic Games/UE_4.27/FeaturePacks/TP_HandheldARBP.upack' (chunk index -1, root 'root:/') mounted
[2022.11.09-13.58.28:584][  0]LogShaderLibrary: Display: ShaderCodeLibraryPakFileMountedCallback: pending pak file info (ChunkID:-1 Root:root:/ File:C:/Program Files/Epic Games/UE_4.27/FeaturePacks/TP_HandheldARBP.upack)
[2022.11.09-13.58.28:584][  0]LogPakFile: OnPakFileMounted2Time == 0.000122
[2022.11.09-13.58.28:621][  0]LogPakFile: PakFile PrimaryIndexSize=182
[2022.11.09-13.58.28:621][  0]LogPakFile: PakFile PathHashIndexSize=101
[2022.11.09-13.58.28:621][  0]LogPakFile: PakFile FullDirectoryIndexSize=138
[2022.11.09-13.58.28:621][  0]LogShaderLibrary: Display: ShaderCodeLibraryPakFileMountedCallback: PakFile 'C:/Program Files/Epic Games/UE_4.27/FeaturePacks/TP_Puzzle.upack' (chunk index -1, root 'root:/') mounted
[2022.11.09-13.58.28:621][  0]LogShaderLibrary: Display: ShaderCodeLibraryPakFileMountedCallback: pending pak file info (ChunkID:-1 Root:root:/ File:C:/Program Files/Epic Games/UE_4.27/FeaturePacks/TP_Puzzle.upack)
[2022.11.09-13.58.28:621][  0]LogPakFile: OnPakFileMounted2Time == 0.000092
[2022.11.09-13.58.28:768][  0]LogPakFile: PakFile PrimaryIndexSize=184
[2022.11.09-13.58.28:768][  0]LogPakFile: PakFile PathHashIndexSize=101
[2022.11.09-13.58.28:768][  0]LogPakFile: PakFile FullDirectoryIndexSize=142
[2022.11.09-13.58.28:768][  0]LogShaderLibrary: Display: ShaderCodeLibraryPakFileMountedCallback: PakFile 'C:/Program Files/Epic Games/UE_4.27/FeaturePacks/TP_PuzzleBP.upack' (chunk index -1, root 'root:/') mounted
[2022.11.09-13.58.28:768][  0]LogShaderLibrary: Display: ShaderCodeLibraryPakFileMountedCallback: pending pak file info (ChunkID:-1 Root:root:/ File:C:/Program Files/Epic Games/UE_4.27/FeaturePacks/TP_PuzzleBP.upack)
[2022.11.09-13.58.28:768][  0]LogPakFile: OnPakFileMounted2Time == 0.000057
[2022.11.09-13.58.28:792][  0]LogPakFile: PakFile PrimaryIndexSize=183
[2022.11.09-13.58.28:792][  0]LogPakFile: PakFile PathHashIndexSize=101
[2022.11.09-13.58.28:792][  0]LogPakFile: PakFile FullDirectoryIndexSize=140
[2022.11.09-13.58.28:792][  0]LogShaderLibrary: Display: ShaderCodeLibraryPakFileMountedCallback: PakFile 'C:/Program Files/Epic Games/UE_4.27/FeaturePacks/TP_Rolling.upack' (chunk index -1, root 'root:/') mounted
[2022.11.09-13.58.28:792][  0]LogShaderLibrary: Display: ShaderCodeLibraryPakFileMountedCallback: pending pak file info (ChunkID:-1 Root:root:/ File:C:/Program Files/Epic Games/UE_4.27/FeaturePacks/TP_Rolling.upack)
[2022.11.09-13.58.28:792][  0]LogPakFile: OnPakFileMounted2Time == 0.000063
[2022.11.09-13.58.28:867][  0]LogPakFile: PakFile PrimaryIndexSize=185
[2022.11.09-13.58.28:867][  0]LogPakFile: PakFile PathHashIndexSize=101
[2022.11.09-13.58.28:867][  0]LogPakFile: PakFile FullDirectoryIndexSize=144
[2022.11.09-13.58.28:867][  0]LogShaderLibrary: Display: ShaderCodeLibraryPakFileMountedCallback: PakFile 'C:/Program Files/Epic Games/UE_4.27/FeaturePacks/TP_RollingBP.upack' (chunk index -1, root 'root:/') mounted
[2022.11.09-13.58.28:867][  0]LogShaderLibrary: Display: ShaderCodeLibraryPakFileMountedCallback: pending pak file info (ChunkID:-1 Root:root:/ File:C:/Program Files/Epic Games/UE_4.27/FeaturePacks/TP_RollingBP.upack)
[2022.11.09-13.58.28:867][  0]LogPakFile: OnPakFileMounted2Time == 0.000069
[2022.11.09-13.58.29:043][  0]LogPakFile: PakFile PrimaryIndexSize=188
[2022.11.09-13.58.29:043][  0]LogPakFile: PakFile PathHashIndexSize=101
[2022.11.09-13.58.29:043][  0]LogPakFile: PakFile FullDirectoryIndexSize=150
[2022.11.09-13.58.29:043][  0]LogShaderLibrary: Display: ShaderCodeLibraryPakFileMountedCallback: PakFile 'C:/Program Files/Epic Games/UE_4.27/FeaturePacks/TP_SideScroller.upack' (chunk index -1, root 'root:/') mounted
[2022.11.09-13.58.29:043][  0]LogShaderLibrary: Display: ShaderCodeLibraryPakFileMountedCallback: pending pak file info (ChunkID:-1 Root:root:/ File:C:/Program Files/Epic Games/UE_4.27/FeaturePacks/TP_SideScroller.upack)
[2022.11.09-13.58.29:043][  0]LogPakFile: OnPakFileMounted2Time == 0.000097
[2022.11.09-13.58.29:162][  0]LogPakFile: PakFile PrimaryIndexSize=190
[2022.11.09-13.58.29:162][  0]LogPakFile: PakFile PathHashIndexSize=101
[2022.11.09-13.58.29:162][  0]LogPakFile: PakFile FullDirectoryIndexSize=154
[2022.11.09-13.58.29:162][  0]LogShaderLibrary: Display: ShaderCodeLibraryPakFileMountedCallback: PakFile 'C:/Program Files/Epic Games/UE_4.27/FeaturePacks/TP_SideScrollerBP.upack' (chunk index -1, root 'root:/') mounted
[2022.11.09-13.58.29:162][  0]LogShaderLibrary: Display: ShaderCodeLibraryPakFileMountedCallback: pending pak file info (ChunkID:-1 Root:root:/ File:C:/Program Files/Epic Games/UE_4.27/FeaturePacks/TP_SideScrollerBP.upack)
[2022.11.09-13.58.29:162][  0]LogPakFile: OnPakFileMounted2Time == 0.000099
[2022.11.09-13.58.29:188][  0]LogPakFile: PakFile PrimaryIndexSize=187
[2022.11.09-13.58.29:188][  0]LogPakFile: PakFile PathHashIndexSize=101
[2022.11.09-13.58.29:188][  0]LogPakFile: PakFile FullDirectoryIndexSize=148
[2022.11.09-13.58.29:188][  0]LogShaderLibrary: Display: ShaderCodeLibraryPakFileMountedCallback: PakFile 'C:/Program Files/Epic Games/UE_4.27/FeaturePacks/TP_ThirdPerson.upack' (chunk index -1, root 'root:/') mounted
[2022.11.09-13.58.29:188][  0]LogShaderLibrary: Display: ShaderCodeLibraryPakFileMountedCallback: pending pak file info (ChunkID:-1 Root:root:/ File:C:/Program Files/Epic Games/UE_4.27/FeaturePacks/TP_ThirdPerson.upack)
[2022.11.09-13.58.29:188][  0]LogPakFile: OnPakFileMounted2Time == 0.000095
[2022.11.09-13.58.29:233][  0]LogPakFile: PakFile PrimaryIndexSize=189
[2022.11.09-13.58.29:233][  0]LogPakFile: PakFile PathHashIndexSize=101
[2022.11.09-13.58.29:233][  0]LogPakFile: PakFile FullDirectoryIndexSize=152
[2022.11.09-13.58.29:233][  0]LogShaderLibrary: Display: ShaderCodeLibraryPakFileMountedCallback: PakFile 'C:/Program Files/Epic Games/UE_4.27/FeaturePacks/TP_ThirdPersonBP.upack' (chunk index -1, root 'root:/') mounted
[2022.11.09-13.58.29:233][  0]LogShaderLibrary: Display: ShaderCodeLibraryPakFileMountedCallback: pending pak file info (ChunkID:-1 Root:root:/ File:C:/Program Files/Epic Games/UE_4.27/FeaturePacks/TP_ThirdPersonBP.upack)
[2022.11.09-13.58.29:233][  0]LogPakFile: OnPakFileMounted2Time == 0.000072
[2022.11.09-13.58.29:283][  0]LogPakFile: PakFile PrimaryIndexSize=183
[2022.11.09-13.58.29:283][  0]LogPakFile: PakFile PathHashIndexSize=101
[2022.11.09-13.58.29:283][  0]LogPakFile: PakFile FullDirectoryIndexSize=140
[2022.11.09-13.58.29:283][  0]LogShaderLibrary: Display: ShaderCodeLibraryPakFileMountedCallback: PakFile 'C:/Program Files/Epic Games/UE_4.27/FeaturePacks/TP_TopDown.upack' (chunk index -1, root 'root:/') mounted
[2022.11.09-13.58.29:284][  0]LogShaderLibrary: Display: ShaderCodeLibraryPakFileMountedCallback: pending pak file info (ChunkID:-1 Root:root:/ File:C:/Program Files/Epic Games/UE_4.27/FeaturePacks/TP_TopDown.upack)
[2022.11.09-13.58.29:284][  0]LogPakFile: OnPakFileMounted2Time == 0.000083
[2022.11.09-13.58.29:290][  0]LogPakFile: PakFile PrimaryIndexSize=185
[2022.11.09-13.58.29:290][  0]LogPakFile: PakFile PathHashIndexSize=101
[2022.11.09-13.58.29:290][  0]LogPakFile: PakFile FullDirectoryIndexSize=144
[2022.11.09-13.58.29:290][  0]LogShaderLibrary: Display: ShaderCodeLibraryPakFileMountedCallback: PakFile 'C:/Program Files/Epic Games/UE_4.27/FeaturePacks/TP_TopDownBP.upack' (chunk index -1, root 'root:/') mounted
[2022.11.09-13.58.29:290][  0]LogShaderLibrary: Display: ShaderCodeLibraryPakFileMountedCallback: pending pak file info (ChunkID:-1 Root:root:/ File:C:/Program Files/Epic Games/UE_4.27/FeaturePacks/TP_TopDownBP.upack)
[2022.11.09-13.58.29:290][  0]LogPakFile: OnPakFileMounted2Time == 0.000070
[2022.11.09-13.58.29:312][  0]LogPakFile: PakFile PrimaryIndexSize=185
[2022.11.09-13.58.29:312][  0]LogPakFile: PakFile PathHashIndexSize=101
[2022.11.09-13.58.29:312][  0]LogPakFile: PakFile FullDirectoryIndexSize=144
[2022.11.09-13.58.29:312][  0]LogShaderLibrary: Display: ShaderCodeLibraryPakFileMountedCallback: PakFile 'C:/Program Files/Epic Games/UE_4.27/FeaturePacks/TP_TwinStick.upack' (chunk index -1, root 'root:/') mounted
[2022.11.09-13.58.29:312][  0]LogShaderLibrary: Display: ShaderCodeLibraryPakFileMountedCallback: pending pak file info (ChunkID:-1 Root:root:/ File:C:/Program Files/Epic Games/UE_4.27/FeaturePacks/TP_TwinStick.upack)
[2022.11.09-13.58.29:312][  0]LogPakFile: OnPakFileMounted2Time == 0.000063
[2022.11.09-13.58.29:340][  0]LogPakFile: PakFile PrimaryIndexSize=187
[2022.11.09-13.58.29:340][  0]LogPakFile: PakFile PathHashIndexSize=101
[2022.11.09-13.58.29:340][  0]LogPakFile: PakFile FullDirectoryIndexSize=148
[2022.11.09-13.58.29:340][  0]LogShaderLibrary: Display: ShaderCodeLibraryPakFileMountedCallback: PakFile 'C:/Program Files/Epic Games/UE_4.27/FeaturePacks/TP_TwinStickBP.upack' (chunk index -1, root 'root:/') mounted
[2022.11.09-13.58.29:340][  0]LogShaderLibrary: Display: ShaderCodeLibraryPakFileMountedCallback: pending pak file info (ChunkID:-1 Root:root:/ File:C:/Program Files/Epic Games/UE_4.27/FeaturePacks/TP_TwinStickBP.upack)
[2022.11.09-13.58.29:340][  0]LogPakFile: OnPakFileMounted2Time == 0.000058
[2022.11.09-13.58.29:414][  0]LogPakFile: PakFile PrimaryIndexSize=183
[2022.11.09-13.58.29:415][  0]LogPakFile: PakFile PathHashIndexSize=101
[2022.11.09-13.58.29:415][  0]LogPakFile: PakFile FullDirectoryIndexSize=140
[2022.11.09-13.58.29:415][  0]LogShaderLibrary: Display: ShaderCodeLibraryPakFileMountedCallback: PakFile 'C:/Program Files/Epic Games/UE_4.27/FeaturePacks/TP_Vehicle.upack' (chunk index -1, root 'root:/') mounted
[2022.11.09-13.58.29:415][  0]LogShaderLibrary: Display: ShaderCodeLibraryPakFileMountedCallback: pending pak file info (ChunkID:-1 Root:root:/ File:C:/Program Files/Epic Games/UE_4.27/FeaturePacks/TP_Vehicle.upack)
[2022.11.09-13.58.29:415][  0]LogPakFile: OnPakFileMounted2Time == 0.000052
[2022.11.09-13.58.29:429][  0]LogPakFile: PakFile PrimaryIndexSize=186
[2022.11.09-13.58.29:430][  0]LogPakFile: PakFile PathHashIndexSize=101
[2022.11.09-13.58.29:430][  0]LogPakFile: PakFile FullDirectoryIndexSize=146
[2022.11.09-13.58.29:430][  0]LogShaderLibrary: Display: ShaderCodeLibraryPakFileMountedCallback: PakFile 'C:/Program Files/Epic Games/UE_4.27/FeaturePacks/TP_VehicleAdv.upack' (chunk index -1, root 'root:/') mounted
[2022.11.09-13.58.29:430][  0]LogShaderLibrary: Display: ShaderCodeLibraryPakFileMountedCallback: pending pak file info (ChunkID:-1 Root:root:/ File:C:/Program Files/Epic Games/UE_4.27/FeaturePacks/TP_VehicleAdv.upack)
[2022.11.09-13.58.29:430][  0]LogPakFile: OnPakFileMounted2Time == 0.000058
[2022.11.09-13.58.29:451][  0]LogPakFile: PakFile PrimaryIndexSize=188
[2022.11.09-13.58.29:451][  0]LogPakFile: PakFile PathHashIndexSize=101
[2022.11.09-13.58.29:451][  0]LogPakFile: PakFile FullDirectoryIndexSize=150
[2022.11.09-13.58.29:451][  0]LogShaderLibrary: Display: ShaderCodeLibraryPakFileMountedCallback: PakFile 'C:/Program Files/Epic Games/UE_4.27/FeaturePacks/TP_VehicleAdvBP.upack' (chunk index -1, root 'root:/') mounted
[2022.11.09-13.58.29:451][  0]LogShaderLibrary: Display: ShaderCodeLibraryPakFileMountedCallback: pending pak file info (ChunkID:-1 Root:root:/ File:C:/Program Files/Epic Games/UE_4.27/FeaturePacks/TP_VehicleAdvBP.upack)
[2022.11.09-13.58.29:451][  0]LogPakFile: OnPakFileMounted2Time == 0.000060
[2022.11.09-13.58.29:464][  0]LogPakFile: PakFile PrimaryIndexSize=185
[2022.11.09-13.58.29:464][  0]LogPakFile: PakFile PathHashIndexSize=101
[2022.11.09-13.58.29:464][  0]LogPakFile: PakFile FullDirectoryIndexSize=144
[2022.11.09-13.58.29:464][  0]LogShaderLibrary: Display: ShaderCodeLibraryPakFileMountedCallback: PakFile 'C:/Program Files/Epic Games/UE_4.27/FeaturePacks/TP_VehicleBP.upack' (chunk index -1, root 'root:/') mounted
[2022.11.09-13.58.29:464][  0]LogShaderLibrary: Display: ShaderCodeLibraryPakFileMountedCallback: pending pak file info (ChunkID:-1 Root:root:/ File:C:/Program Files/Epic Games/UE_4.27/FeaturePacks/TP_VehicleBP.upack)
[2022.11.09-13.58.29:464][  0]LogPakFile: OnPakFileMounted2Time == 0.000057
[2022.11.09-13.58.29:497][  0]LogPakFile: PakFile PrimaryIndexSize=192
[2022.11.09-13.58.29:497][  0]LogPakFile: PakFile PathHashIndexSize=101
[2022.11.09-13.58.29:497][  0]LogPakFile: PakFile FullDirectoryIndexSize=158
[2022.11.09-13.58.29:497][  0]LogShaderLibrary: Display: ShaderCodeLibraryPakFileMountedCallback: PakFile 'C:/Program Files/Epic Games/UE_4.27/FeaturePacks/TP_VirtualRealityBP.upack' (chunk index -1, root 'root:/') mounted
[2022.11.09-13.58.29:497][  0]LogShaderLibrary: Display: ShaderCodeLibraryPakFileMountedCallback: pending pak file info (ChunkID:-1 Root:root:/ File:C:/Program Files/Epic Games/UE_4.27/FeaturePacks/TP_VirtualRealityBP.upack)
[2022.11.09-13.58.29:497][  0]LogPakFile: OnPakFileMounted2Time == 0.000059
[2022.11.09-13.58.34:758][  0]LogNativeClassHierarchy: Verbose: Native class hierarchy updated for 'AddContentDialog' in 0.0004 seconds. Added 0 classes and 0 folders.
[2022.11.09-13.58.34:759][  0]LogNativeClassHierarchy: Verbose: Native class hierarchy updated for 'SceneOutliner' in 0.0003 seconds. Added 2 classes and 0 folders.
[2022.11.09-13.58.36:161][  0]LogSlate: Took 0.044327 seconds to synchronously load lazily loaded font '../../../Engine/Content/Editor/Slate/Fonts/FontAwesome.ttf' (139K)
[2022.11.09-13.58.36:172][  0]LogSlate: Took 0.000216 seconds to synchronously load lazily loaded font '../../../Engine/Content/Slate/Fonts/Roboto-Bold.ttf' (160K)
[2022.11.09-13.58.36:793][  0]LogRenderer: Reallocating scene render targets to support 1460x732 Format 10 NumSamples 1 (Frame:1).
[2022.11.09-13.58.37:409][  0]LogNativeClassHierarchy: Verbose: Native class hierarchy updated for 'HierarchicalLODOutliner' in 0.0005 seconds. Added 0 classes and 0 folders.
[2022.11.09-13.58.37:409][  0]LogLoad: (Engine Initialization) Total time: 59.45 seconds
[2022.11.09-13.58.37:409][  0]LogLoad: (Engine Initialization) Total Blueprint compile time: 0.00 seconds
[2022.11.09-13.58.37:473][  0]LogLinker: Warning: Failed to load '/Engine/BasicShapes/Cube': Can't find file.
[2022.11.09-13.58.37:474][  0]LogLinker: Warning: Failed to load '/Engine/BasicShapes/Cube': Can't find file.
[2022.11.09-13.58.37:474][  0]LogUObjectGlobals: Warning: Failed to find object 'StaticMesh /Engine/BasicShapes/Cube.Cube'
[2022.11.09-13.58.37:533][  0]LogContentStreaming: Texture pool size now 1000 MB
[2022.11.09-13.58.37:564][  1]LogAssetRegistry: Asset discovery search completed in 52.2975 seconds
[2022.11.09-13.58.37:572][  1]LogCollectionManager: Fixed up redirectors for 0 collections in 0.000003 seconds (updated 0 objects)
[2022.11.09-13.58.38:904][  7]LogSlate: Took 0.080069 seconds to synchronously load lazily loaded font '../../../Engine/Content/Slate/Fonts/Roboto-Light.ttf' (167K)
[2022.11.09-15.04.54:904][721]LogAnalytics: Warning: EventCache either took too long to flush (1.489 ms) or had a very large payload (0.284 KB, 1 events). Listing events in the payload for investigation:
[2022.11.09-15.04.54:904][721]LogAnalytics: Warning:     Editor.Usage.Heartbeat,278
